#
# There is insufficient memory for the Java Runtime Environment to continue.
# Native memory allocation (mmap) failed to map 96468992 bytes for committing reserved memory.
# Possible reasons:
#   The system is out of physical RAM or swap space
#   In 32 bit mode, the process size limit was hit
# Possible solutions:
#   Reduce memory load on the system
#   Increase physical memory or swap space
#   Check if swap backing store is full
#   Use 64 bit Java on a 64 bit OS
#   Decrease Java heap size (-Xmx/-Xms)
#   Decrease number of Java threads
#   Decrease Java thread stack sizes (-Xss)
#   Set larger code cache with -XX:ReservedCodeCacheSize=
# This output file may be truncated or incomplete.
#
#  Out of Memory Error (os_linux.cpp:2627), pid=5966, tid=140239639140096
#
# JRE version: Java(TM) SE Runtime Environment (8.0_60-b27) (build 1.8.0_60-b27)
# Java VM: Java HotSpot(TM) 64-Bit Server VM (25.60-b23 mixed mode linux-amd64 compressed oops)
# Failed to write core dump. Core dumps have been disabled. To enable core dumping, try "ulimit -c unlimited" before starting Java again
#

---------------  T H R E A D  ---------------

Current thread (0x00007f8c48080000):  VMThread [stack: 0x00007f8c15cfd000,0x00007f8c15dfe000] [id=5978]

Stack: [0x00007f8c15cfd000,0x00007f8c15dfe000],  sp=0x00007f8c15dfc040,  free space=1020k
Native frames: (J=compiled Java code, j=interpreted, Vv=VM code, C=native code)
V  [libjvm.so+0xab97ea]  VMError::report_and_die()+0x2ba
V  [libjvm.so+0x4f9dab]  report_vm_out_of_memory(char const*, int, unsigned long, VMErrorType, char const*)+0x8b
V  [libjvm.so+0x91a7c3]  os::Linux::commit_memory_impl(char*, unsigned long, bool)+0x103
V  [libjvm.so+0x91ad19]  os::pd_commit_memory(char*, unsigned long, unsigned long, bool)+0x29
V  [libjvm.so+0x91502a]  os::commit_memory(char*, unsigned long, unsigned long, bool)+0x2a
V  [libjvm.so+0x9886d3]  PSVirtualSpace::expand_by(unsigned long)+0x53
V  [libjvm.so+0x978fc0]  PSOldGen::expand(unsigned long)+0x170
V  [libjvm.so+0x9791cb]  PSOldGen::resize(unsigned long)+0x1cb
V  [libjvm.so+0x980ea1]  PSParallelCompact::invoke_no_policy(bool)+0x991
V  [libjvm.so+0x981193]  PSParallelCompact::invoke(bool)+0x63
V  [libjvm.so+0x480f94]  CollectedHeap::collect_as_vm_thread(GCCause::Cause)+0x114
V  [libjvm.so+0xabac61]  VM_CollectForMetadataAllocation::doit()+0x161
V  [libjvm.so+0xac2c35]  VM_Operation::evaluate()+0x55
V  [libjvm.so+0xac100a]  VMThread::evaluate_operation(VM_Operation*)+0xba
V  [libjvm.so+0xac138e]  VMThread::loop()+0x1ce
V  [libjvm.so+0xac1800]  VMThread::run()+0x70
V  [libjvm.so+0x91cb88]  java_start(Thread*)+0x108

VM_Operation (0x00007f8be7bf68b0): CollectForMetadataAllocation, mode: safepoint, requested by thread 0x00007f8be000a800


---------------  P R O C E S S  ---------------

Java Threads: ( => current thread )
  0x00007f8bc8001800 JavaThread "Stdin handler" [_thread_blocked, id=7318, stack(0x00007f8be78fb000,0x00007f8be79fc000)]
  0x00007f8be000a800 JavaThread "Daemon worker Thread 2" [_thread_blocked, id=7317, stack(0x00007f8be7afd000,0x00007f8be7bfe000)]
  0x00007f8be0007800 JavaThread "Cancel handler" [_thread_blocked, id=7316, stack(0x00007f8be7dfe000,0x00007f8be7eff000)]
  0x00007f8be0003800 JavaThread "Handler for socket connection from /127.0.0.1:33824 to /127.0.0.1:56205" [_thread_in_native, id=7315, stack(0x00007f8be79fc000,0x00007f8be7afd000)]
  0x00007f8bec003000 JavaThread "Daemon Thread 2" [_thread_blocked, id=7314, stack(0x00007f8be7eff000,0x00007f8be8000000)]
  0x00007f8bd0ba1000 JavaThread "File lock request listener" [_thread_in_native, id=6034, stack(0x00007f8be6f48000,0x00007f8be7049000)]
  0x00007f8c48baf800 JavaThread "Incoming local TCP Connector on port 33824" [_thread_in_native, id=6005, stack(0x00007f8c14011000,0x00007f8c14112000)]
  0x00007f8c480d5000 JavaThread "Service Thread" daemon [_thread_blocked, id=5986, stack(0x00007f8c150f7000,0x00007f8c151f8000)]
  0x00007f8c480c7800 JavaThread "C1 CompilerThread3" daemon [_thread_blocked, id=5985, stack(0x00007f8c151f8000,0x00007f8c152f9000)]
  0x00007f8c480c5800 JavaThread "C2 CompilerThread2" daemon [_thread_blocked, id=5984, stack(0x00007f8c152f9000,0x00007f8c153fa000)]
  0x00007f8c480c3800 JavaThread "C2 CompilerThread1" daemon [_thread_blocked, id=5983, stack(0x00007f8c153fa000,0x00007f8c154fb000)]
  0x00007f8c480c1000 JavaThread "C2 CompilerThread0" daemon [_thread_blocked, id=5982, stack(0x00007f8c154fb000,0x00007f8c155fc000)]
  0x00007f8c480bf800 JavaThread "Signal Dispatcher" daemon [_thread_blocked, id=5981, stack(0x00007f8c155fc000,0x00007f8c156fd000)]
  0x00007f8c48087000 JavaThread "Finalizer" daemon [_thread_blocked, id=5980, stack(0x00007f8c15afb000,0x00007f8c15bfc000)]
  0x00007f8c48085000 JavaThread "Reference Handler" daemon [_thread_blocked, id=5979, stack(0x00007f8c15bfc000,0x00007f8c15cfd000)]
  0x00007f8c4800a000 JavaThread "main" [_thread_blocked, id=5967, stack(0x00007f8c514a3000,0x00007f8c515a4000)]

Other Threads:
=>0x00007f8c48080000 VMThread [stack: 0x00007f8c15cfd000,0x00007f8c15dfe000] [id=5978]
  0x00007f8c480d7800 WatcherThread [stack: 0x00007f8c14ff6000,0x00007f8c150f7000] [id=5987]

VM state:at safepoint (normal execution)

VM Mutex/Monitor currently owned by a thread:  ([mutex/lock_event])
[0x00007f8c48005dc0] ExpandHeap_lock - owner thread: 0x00007f8c48080000
[0x00007f8c48006440] Threads_lock - owner thread: 0x00007f8c48080000
[0x00007f8c48006940] Heap_lock - owner thread: 0x00007f8be000a800

Heap:
 PSYoungGen      total 272384K, used 0K [0x00000000eab00000, 0x0000000100000000, 0x0000000100000000)
  eden space 217088K, 0% used [0x00000000eab00000,0x00000000eab00000,0x00000000f7f00000)
  from space 55296K, 0% used [0x00000000fbb00000,0x00000000fbb00000,0x00000000ff100000)
  to   space 61440K, 0% used [0x00000000f7f00000,0x00000000f7f00000,0x00000000fbb00000)
 ParOldGen       total 129536K, used 103498K [0x00000000c0000000, 0x00000000c7e80000, 0x00000000eab00000)
  object space 129536K, 79% used [0x00000000c0000000,0x00000000c6512b38,0x00000000c7e80000)
 Metaspace       used 65228K, capacity 70496K, committed 70548K, reserved 1107968K
  class space    used 9326K, capacity 11158K, committed 11196K, reserved 1048576K

Card table byte_map: [0x00007f8c4e06f000,0x00007f8c4e270000] byte_map_base: 0x00007f8c4da6f000

Marking Bits: (ParMarkBitMap*) 0x00007f8c5097ede0
 Begin Bits: [0x00007f8c16000000, 0x00007f8c17000000)
 End Bits:   [0x00007f8c17000000, 0x00007f8c18000000)

Polling page: 0x00007f8c515c6000

CodeCache: size=245760Kb used=24951Kb max_used=24969Kb free=220808Kb
 bounds [0x00007f8c39000000, 0x00007f8c3a890000, 0x00007f8c48000000]
 total_blobs=7164 nmethods=6505 adapters=570
 compilation: enabled

Compilation events (10 events):
Event: 176,655 Thread 0x00007f8c480c3800 7741       4       java.security.SecureClassLoader::defineClass (16 bytes)
Event: 176,656 Thread 0x00007f8c480c5800 nmethod 7740 0x00007f8c392adad0 code [0x00007f8c392adc20, 0x00007f8c392add98]
Event: 176,656 Thread 0x00007f8c480c5800 7742   !   4       java.security.SecureClassLoader::getProtectionDomain (114 bytes)
Event: 176,673 Thread 0x00007f8c480c1000 nmethod 7739 0x00007f8c3a881150 code [0x00007f8c3a881360, 0x00007f8c3a882070]
Event: 176,673 Thread 0x00007f8c480c1000 7743       4       sun.reflect.generics.parser.SignatureParser::parseFieldTypeSignature (73 bytes)
Event: 176,689 Thread 0x00007f8c480c1000 nmethod 7743 0x00007f8c3a87fcd0 code [0x00007f8c3a87ffa0, 0x00007f8c3a8808a0]
Event: 176,689 Thread 0x00007f8c480c1000 7744       4       org.codehaus.groovy.runtime.ScriptBytecodeAdapter::castToType (6 bytes)
Event: 176,689 Thread 0x00007f8c480c1000 nmethod 7744 0x00007f8c396174d0 code [0x00007f8c39617620, 0x00007f8c39617688]
Event: 176,690 Thread 0x00007f8c480c5800 nmethod 7742 0x00007f8c3a886f50 code [0x00007f8c3a8871c0, 0x00007f8c3a888970]
Event: 176,699 Thread 0x00007f8c480c3800 nmethod 7741 0x00007f8c3a889a50 code [0x00007f8c3a889cc0, 0x00007f8c3a88b8a0]

GC Heap History (10 events):
Event: 89,325 GC heap after
Heap after GC invocations=13 (full 3):
 PSYoungGen      total 197120K, used 22264K [0x00000000eab00000, 0x00000000f9780000, 0x0000000100000000)
  eden space 174592K, 0% used [0x00000000eab00000,0x00000000eab00000,0x00000000f5580000)
  from space 22528K, 98% used [0x00000000f8180000,0x00000000f973e218,0x00000000f9780000)
  to   space 27136K, 0% used [0x00000000f6280000,0x00000000f6280000,0x00000000f7d00000)
 ParOldGen       total 129536K, used 41182K [0x00000000c0000000, 0x00000000c7e80000, 0x00000000eab00000)
  object space 129536K, 31% used [0x00000000c0000000,0x00000000c2837838,0x00000000c7e80000)
 Metaspace       used 48347K, capacity 51630K, committed 51800K, reserved 1093632K
  class space    used 6844K, capacity 8033K, committed 8064K, reserved 1048576K
}
Event: 90,776 GC heap before
{Heap before GC invocations=14 (full 3):
 PSYoungGen      total 197120K, used 196856K [0x00000000eab00000, 0x00000000f9780000, 0x0000000100000000)
  eden space 174592K, 100% used [0x00000000eab00000,0x00000000f5580000,0x00000000f5580000)
  from space 22528K, 98% used [0x00000000f8180000,0x00000000f973e218,0x00000000f9780000)
  to   space 27136K, 0% used [0x00000000f6280000,0x00000000f6280000,0x00000000f7d00000)
 ParOldGen       total 129536K, used 41182K [0x00000000c0000000, 0x00000000c7e80000, 0x00000000eab00000)
  object space 129536K, 31% used [0x00000000c0000000,0x00000000c2837838,0x00000000c7e80000)
 Metaspace       used 54631K, capacity 58479K, committed 58584K, reserved 1099776K
  class space    used 7796K, capacity 9151K, committed 9216K, reserved 1048576K
Event: 90,828 GC heap after
Heap after GC invocations=14 (full 3):
 PSYoungGen      total 215040K, used 27130K [0x00000000eab00000, 0x00000000fbb80000, 0x0000000100000000)
  eden space 187904K, 0% used [0x00000000eab00000,0x00000000eab00000,0x00000000f6280000)
  from space 27136K, 99% used [0x00000000f6280000,0x00000000f7cfe9a8,0x00000000f7d00000)
  to   space 36352K, 0% used [0x00000000f9800000,0x00000000f9800000,0x00000000fbb80000)
 ParOldGen       total 129536K, used 56664K [0x00000000c0000000, 0x00000000c7e80000, 0x00000000eab00000)
  object space 129536K, 43% used [0x00000000c0000000,0x00000000c3756070,0x00000000c7e80000)
 Metaspace       used 54631K, capacity 58479K, committed 58584K, reserved 1099776K
  class space    used 7796K, capacity 9151K, committed 9216K, reserved 1048576K
}
Event: 102,272 GC heap before
{Heap before GC invocations=15 (full 3):
 PSYoungGen      total 215040K, used 215034K [0x00000000eab00000, 0x00000000fbb80000, 0x0000000100000000)
  eden space 187904K, 100% used [0x00000000eab00000,0x00000000f6280000,0x00000000f6280000)
  from space 27136K, 99% used [0x00000000f6280000,0x00000000f7cfe9a8,0x00000000f7d00000)
  to   space 36352K, 0% used [0x00000000f9800000,0x00000000f9800000,0x00000000fbb80000)
 ParOldGen       total 129536K, used 56664K [0x00000000c0000000, 0x00000000c7e80000, 0x00000000eab00000)
  object space 129536K, 43% used [0x00000000c0000000,0x00000000c3756070,0x00000000c7e80000)
 Metaspace       used 59782K, capacity 64509K, committed 64728K, reserved 1103872K
  class space    used 8519K, capacity 10221K, committed 10240K, reserved 1048576K
Event: 102,341 GC heap after
Heap after GC invocations=15 (full 3):
 PSYoungGen      total 233984K, used 36349K [0x00000000eab00000, 0x00000000fd800000, 0x0000000100000000)
  eden space 197632K, 0% used [0x00000000eab00000,0x00000000eab00000,0x00000000f6c00000)
  from space 36352K, 99% used [0x00000000f9800000,0x00000000fbb7f668,0x00000000fbb80000)
  to   space 45056K, 0% used [0x00000000f6c00000,0x00000000f6c00000,0x00000000f9800000)
 ParOldGen       total 129536K, used 65385K [0x00000000c0000000, 0x00000000c7e80000, 0x00000000eab00000)
  object space 129536K, 50% used [0x00000000c0000000,0x00000000c3fda700,0x00000000c7e80000)
 Metaspace       used 59782K, capacity 64509K, committed 64728K, reserved 1103872K
  class space    used 8519K, capacity 10221K, committed 10240K, reserved 1048576K
}
Event: 176,292 GC heap before
{Heap before GC invocations=16 (full 3):
 PSYoungGen      total 233984K, used 233981K [0x00000000eab00000, 0x00000000fd800000, 0x0000000100000000)
  eden space 197632K, 100% used [0x00000000eab00000,0x00000000f6c00000,0x00000000f6c00000)
  from space 36352K, 99% used [0x00000000f9800000,0x00000000fbb7f668,0x00000000fbb80000)
  to   space 45056K, 0% used [0x00000000f6c00000,0x00000000f6c00000,0x00000000f9800000)
 ParOldGen       total 129536K, used 65385K [0x00000000c0000000, 0x00000000c7e80000, 0x00000000eab00000)
  object space 129536K, 50% used [0x00000000c0000000,0x00000000c3fda700,0x00000000c7e80000)
 Metaspace       used 63354K, capacity 68546K, committed 68824K, reserved 1107968K
  class space    used 9112K, capacity 10892K, committed 11008K, reserved 1048576K
Event: 176,341 GC heap after
Heap after GC invocations=16 (full 3):
 PSYoungGen      total 242688K, used 45038K [0x00000000eab00000, 0x00000000ff100000, 0x0000000100000000)
  eden space 197632K, 0% used [0x00000000eab00000,0x00000000eab00000,0x00000000f6c00000)
  from space 45056K, 99% used [0x00000000f6c00000,0x00000000f97fb9e8,0x00000000f9800000)
  to   space 55296K, 0% used [0x00000000fbb00000,0x00000000fbb00000,0x00000000ff100000)
 ParOldGen       total 129536K, used 73836K [0x00000000c0000000, 0x00000000c7e80000, 0x00000000eab00000)
  object space 129536K, 57% used [0x00000000c0000000,0x00000000c481b0b8,0x00000000c7e80000)
 Metaspace       used 63354K, capacity 68546K, committed 68824K, reserved 1107968K
  class space    used 9112K, capacity 10892K, committed 11008K, reserved 1048576K
}
Event: 176,757 GC heap before
{Heap before GC invocations=17 (full 3):
 PSYoungGen      total 242688K, used 67167K [0x00000000eab00000, 0x00000000ff100000, 0x0000000100000000)
  eden space 197632K, 11% used [0x00000000eab00000,0x00000000ec09c3c0,0x00000000f6c00000)
  from space 45056K, 99% used [0x00000000f6c00000,0x00000000f97fb9e8,0x00000000f9800000)
  to   space 55296K, 0% used [0x00000000fbb00000,0x00000000fbb00000,0x00000000ff100000)
 ParOldGen       total 129536K, used 73836K [0x00000000c0000000, 0x00000000c7e80000, 0x00000000eab00000)
  object space 129536K, 57% used [0x00000000c0000000,0x00000000c481b0b8,0x00000000c7e80000)
 Metaspace       used 65228K, capacity 70496K, committed 70548K, reserved 1107968K
  class space    used 9326K, capacity 11158K, committed 11196K, reserved 1048576K
Event: 176,802 GC heap after
Heap after GC invocations=17 (full 3):
 PSYoungGen      total 272384K, used 48655K [0x00000000eab00000, 0x0000000100000000, 0x0000000100000000)
  eden space 217088K, 0% used [0x00000000eab00000,0x00000000eab00000,0x00000000f7f00000)
  from space 55296K, 87% used [0x00000000fbb00000,0x00000000fea83cb8,0x00000000ff100000)
  to   space 61440K, 0% used [0x00000000f7f00000,0x00000000f7f00000,0x00000000fbb00000)
 ParOldGen       total 129536K, used 73844K [0x00000000c0000000, 0x00000000c7e80000, 0x00000000eab00000)
  object space 129536K, 57% used [0x00000000c0000000,0x00000000c481d0b8,0x00000000c7e80000)
 Metaspace       used 65228K, capacity 70496K, committed 70548K, reserved 1107968K
  class space    used 9326K, capacity 11158K, committed 11196K, reserved 1048576K
}
Event: 176,802 GC heap before
{Heap before GC invocations=18 (full 4):
 PSYoungGen      total 272384K, used 48655K [0x00000000eab00000, 0x0000000100000000, 0x0000000100000000)
  eden space 217088K, 0% used [0x00000000eab00000,0x00000000eab00000,0x00000000f7f00000)
  from space 55296K, 87% used [0x00000000fbb00000,0x00000000fea83cb8,0x00000000ff100000)
  to   space 61440K, 0% used [0x00000000f7f00000,0x00000000f7f00000,0x00000000fbb00000)
 ParOldGen       total 129536K, used 73844K [0x00000000c0000000, 0x00000000c7e80000, 0x00000000eab00000)
  object space 129536K, 57% used [0x00000000c0000000,0x00000000c481d0b8,0x00000000c7e80000)
 Metaspace       used 65228K, capacity 70496K, committed 70548K, reserved 1107968K
  class space    used 9326K, capacity 11158K, committed 11196K, reserved 1048576K

Deoptimization events (10 events):
Event: 92,928 Thread 0x00007f8be0007800 Uncommon trap: reason=class_check action=maybe_recompile pc=0x00007f8c39381ee4 method=java.io.DataInputStream.readUnsignedShort()I @ 4
Event: 94,528 Thread 0x00007f8be0007800 Uncommon trap: reason=unstable_if action=reinterpret pc=0x00007f8c39b88e94 method=sun.security.provider.DigestBase.engineUpdate(B)V @ 4
Event: 94,566 Thread 0x00007f8be0007800 Uncommon trap: reason=class_check action=maybe_recompile pc=0x00007f8c39cbfa14 method=java.util.AbstractList$Itr.hasNext()Z @ 8
Event: 94,566 Thread 0x00007f8be0007800 Uncommon trap: reason=class_check action=maybe_recompile pc=0x00007f8c39cb9848 method=java.util.AbstractList$Itr.next()Ljava/lang/Object; @ 14
Event: 101,845 Thread 0x00007f8be0007800 Uncommon trap: reason=null_check action=make_not_entrant pc=0x00007f8c3a7ae268 method=org.gradle.api.internal.AbstractClassGenerator.generateUnderLock(Ljava/lang/Class;)Ljava/lang/Class; @ 789
Event: 101,852 Thread 0x00007f8be0007800 Uncommon trap: reason=null_check action=make_not_entrant pc=0x00007f8c3973c3a4 method=java.beans.Introspector.isAssignable(Ljava/lang/Class;Ljava/lang/Class;)Z @ 23
Event: 101,871 Thread 0x00007f8be0007800 Uncommon trap: reason=null_check action=make_not_entrant pc=0x00007f8c3a656614 method=java.beans.Introspector.isAssignable(Ljava/lang/Class;Ljava/lang/Class;)Z @ 23
Event: 102,748 Thread 0x00007f8be0007800 Uncommon trap: reason=null_check action=make_not_entrant pc=0x00007f8c39692320 method=java.lang.Class.isEnum()Z @ 1
Event: 102,816 Thread 0x00007f8be0007800 Uncommon trap: reason=null_check action=make_not_entrant pc=0x00007f8c396b2730 method=org.codehaus.groovy.runtime.typehandling.DefaultTypeTransformation.castToType(Ljava/lang/Object;Ljava/lang/Class;)Ljava/lang/Object; @ 65
Event: 176,673 Thread 0x00007f8be000a800 Uncommon trap: reason=null_check action=make_not_entrant pc=0x00007f8c3a7f803c method=java.beans.PropertyDescriptor.isAssignable(Ljava/lang/reflect/Method;Ljava/lang/reflect/Method;)Z @ 72

Internal exceptions (10 events):
Event: 176,672 Thread 0x00007f8be000a800 Exception <a 'java/lang/ClassNotFoundException': com/google/common/collect/AbstractListMultimapCustomizer> (0x00000000eba65680) thrown at [/HUDSON/workspace/8-2-build-linux-amd64/jdk8u60/4407/hotspot/src/share/vm/classfile/systemDictionary.cpp, line 210]
Event: 176,672 Thread 0x00007f8be000a800 Exception <a 'java/lang/ClassNotFoundException': com/google/common/collect/ArrayListMultimapCustomizer> (0x00000000eba860b8) thrown at [/HUDSON/workspace/8-2-build-linux-amd64/jdk8u60/4407/hotspot/src/share/vm/classfile/systemDictionary.cpp, line 210]
Event: 176,724 Thread 0x00007f8be000a800 Exception <a 'java/lang/ClassNotFoundException': com/android/build/gradle/AppPluginBeanInfo> (0x00000000ebe22170) thrown at [/HUDSON/workspace/8-2-build-linux-amd64/jdk8u60/4407/hotspot/src/share/vm/classfile/systemDictionary.cpp, line 210]
Event: 176,724 Thread 0x00007f8be000a800 Exception <a 'java/lang/ClassNotFoundException': com/android/build/gradle/BasePluginBeanInfo> (0x00000000ebe2a1b8) thrown at [/HUDSON/workspace/8-2-build-linux-amd64/jdk8u60/4407/hotspot/src/share/vm/classfile/systemDictionary.cpp, line 210]
Event: 176,724 Thread 0x00007f8be000a800 Exception <a 'java/lang/ClassNotFoundException': com/android/build/gradle/BasePluginCustomizer> (0x00000000ebe32408) thrown at [/HUDSON/workspace/8-2-build-linux-amd64/jdk8u60/4407/hotspot/src/share/vm/classfile/systemDictionary.cpp, line 210]
Event: 176,728 Thread 0x00007f8be000a800 Exception <a 'java/lang/ClassNotFoundException': com/android/build/gradle/AppPluginCustomizer> (0x00000000ebee6368) thrown at [/HUDSON/workspace/8-2-build-linux-amd64/jdk8u60/4407/hotspot/src/share/vm/classfile/systemDictionary.cpp, line 210]
Event: 176,738 Thread 0x00007f8be000a800 Exception <a 'java/lang/ClassNotFoundException': com/android/build/gradle/internal/LoggerWrapperBeanInfo> (0x00000000ebfad9e8) thrown at [/HUDSON/workspace/8-2-build-linux-amd64/jdk8u60/4407/hotspot/src/share/vm/classfile/systemDictionary.cpp, line 210]
Event: 176,738 Thread 0x00007f8be000a800 Exception <a 'java/lang/ClassNotFoundException': com/android/build/gradle/internal/LoggerWrapperCustomizer> (0x00000000ebfb7730) thrown at [/HUDSON/workspace/8-2-build-linux-amd64/jdk8u60/4407/hotspot/src/share/vm/classfile/systemDictionary.cpp, line 210]
Event: 176,741 Thread 0x00007f8be000a800 Exception <a 'java/lang/ClassNotFoundException': com/android/build/gradle/internal/SdkHandlerBeanInfo> (0x00000000ebfe1878) thrown at [/HUDSON/workspace/8-2-build-linux-amd64/jdk8u60/4407/hotspot/src/share/vm/classfile/systemDictionary.cpp, line 210]
Event: 176,741 Thread 0x00007f8be000a800 Exception <a 'java/lang/ClassNotFoundException': com/android/build/gradle/internal/SdkHandlerCustomizer> (0x00000000ebfeaf60) thrown at [/HUDSON/workspace/8-2-build-linux-amd64/jdk8u60/4407/hotspot/src/share/vm/classfile/systemDictionary.cpp, line 210]

Events (10 events):
Event: 176,738 loading class com/android/build/gradle/internal/LoggerWrapperCustomizer done
Event: 176,739 loading class groovy/runtime/metaclass/com/android/build/gradle/internal/SdkHandlerMetaClass
Event: 176,739 loading class groovy/runtime/metaclass/com/android/build/gradle/internal/SdkHandlerMetaClass done
Event: 176,741 loading class com/android/build/gradle/internal/SdkHandlerBeanInfo
Event: 176,741 loading class com/android/build/gradle/internal/SdkHandlerBeanInfo done
Event: 176,741 loading class com/android/build/gradle/internal/SdkHandlerCustomizer
Event: 176,741 loading class com/android/build/gradle/internal/SdkHandlerCustomizer done
Event: 176,742 loading class groovy/runtime/metaclass/com/android/builder/core/AndroidBuilderMetaClass
Event: 176,742 loading class groovy/runtime/metaclass/com/android/builder/core/AndroidBuilderMetaClass done
Event: 176,756 Executing VM operation: CollectForMetadataAllocation


Dynamic libraries:
00400000-00401000 r-xp 00000000 08:13 7345946                            /usr/lib/jvm/java-8-oracle/bin/java
00600000-00601000 rw-p 00000000 08:13 7345946                            /usr/lib/jvm/java-8-oracle/bin/java
0076b000-0078c000 rw-p 00000000 00:00 0                                  [heap]
c0000000-c7e80000 rw-p 00000000 00:00 0 
cda80000-eab00000 ---p 00000000 00:00 0 
eab00000-100000000 rw-p 00000000 00:00 0 
100000000-100aef000 rw-p 00000000 00:00 0 
100aef000-140000000 ---p 00000000 00:00 0 
7f8b97800000-7f8b97a00000 rw-p 00000000 00:00 0 
7f8b97a00000-7f8b97c00000 rw-p 00000000 00:00 0 
7f8b97c00000-7f8b97e00000 rw-p 00000000 00:00 0 
7f8b97e00000-7f8b98000000 rw-p 00000000 00:00 0 
7f8b98000000-7f8b98021000 rw-p 00000000 00:00 0 
7f8b98021000-7f8b9c000000 ---p 00000000 00:00 0 
7f8b9c000000-7f8b9c021000 rw-p 00000000 00:00 0 
7f8b9c021000-7f8ba0000000 ---p 00000000 00:00 0 
7f8ba0000000-7f8ba0021000 rw-p 00000000 00:00 0 
7f8ba0021000-7f8ba4000000 ---p 00000000 00:00 0 
7f8ba4000000-7f8ba4021000 rw-p 00000000 00:00 0 
7f8ba4021000-7f8ba8000000 ---p 00000000 00:00 0 
7f8ba8000000-7f8ba8021000 rw-p 00000000 00:00 0 
7f8ba8021000-7f8bac000000 ---p 00000000 00:00 0 
7f8bac000000-7f8bac021000 rw-p 00000000 00:00 0 
7f8bac021000-7f8bb0000000 ---p 00000000 00:00 0 
7f8bb0000000-7f8bb0021000 rw-p 00000000 00:00 0 
7f8bb0021000-7f8bb4000000 ---p 00000000 00:00 0 
7f8bb4000000-7f8bb4021000 rw-p 00000000 00:00 0 
7f8bb4021000-7f8bb8000000 ---p 00000000 00:00 0 
7f8bb8000000-7f8bb8021000 rw-p 00000000 00:00 0 
7f8bb8021000-7f8bbc000000 ---p 00000000 00:00 0 
7f8bbc000000-7f8bbc021000 rw-p 00000000 00:00 0 
7f8bbc021000-7f8bc0000000 ---p 00000000 00:00 0 
7f8bc0000000-7f8bc0021000 rw-p 00000000 00:00 0 
7f8bc0021000-7f8bc4000000 ---p 00000000 00:00 0 
7f8bc4000000-7f8bc4021000 rw-p 00000000 00:00 0 
7f8bc4021000-7f8bc8000000 ---p 00000000 00:00 0 
7f8bc8000000-7f8bc8499000 rw-p 00000000 00:00 0 
7f8bc8499000-7f8bcc000000 ---p 00000000 00:00 0 
7f8bcc000000-7f8bcc021000 rw-p 00000000 00:00 0 
7f8bcc021000-7f8bd0000000 ---p 00000000 00:00 0 
7f8bd0000000-7f8bd1847000 rw-p 00000000 00:00 0 
7f8bd1847000-7f8bd4000000 ---p 00000000 00:00 0 
7f8bd4000000-7f8bd4021000 rw-p 00000000 00:00 0 
7f8bd4021000-7f8bd8000000 ---p 00000000 00:00 0 
7f8bd8000000-7f8bd8021000 rw-p 00000000 00:00 0 
7f8bd8021000-7f8bdc000000 ---p 00000000 00:00 0 
7f8bdc000000-7f8bdc021000 rw-p 00000000 00:00 0 
7f8bdc021000-7f8be0000000 ---p 00000000 00:00 0 
7f8be0000000-7f8be0050000 rw-p 00000000 00:00 0 
7f8be0050000-7f8be4000000 ---p 00000000 00:00 0 
7f8be4160000-7f8be4360000 rw-p 00000000 00:00 0 
7f8be4360000-7f8be4560000 rw-p 00000000 00:00 0 
7f8be4560000-7f8be4760000 rw-p 00000000 00:00 0 
7f8be4760000-7f8be4960000 rw-p 00000000 00:00 0 
7f8be4960000-7f8be4b60000 rw-p 00000000 00:00 0 
7f8be4b60000-7f8be4d60000 rw-p 00000000 00:00 0 
7f8be4d60000-7f8be4f60000 rw-p 00000000 00:00 0 
7f8be4f60000-7f8be4f63000 ---p 00000000 00:00 0 
7f8be4f63000-7f8be5061000 rw-p 00000000 00:00 0 
7f8be5061000-7f8be5064000 ---p 00000000 00:00 0 
7f8be5064000-7f8be5362000 rw-p 00000000 00:00 0 
7f8be5362000-7f8be5365000 ---p 00000000 00:00 0 
7f8be5365000-7f8be5463000 rw-p 00000000 00:00 0 
7f8be5463000-7f8be5466000 ---p 00000000 00:00 0 
7f8be5466000-7f8be5564000 rw-p 00000000 00:00 0 
7f8be5564000-7f8be5567000 ---p 00000000 00:00 0 
7f8be5567000-7f8be5665000 rw-p 00000000 00:00 0 
7f8be5665000-7f8be5668000 ---p 00000000 00:00 0 
7f8be5668000-7f8be5766000 rw-p 00000000 00:00 0 
7f8be5766000-7f8be5769000 ---p 00000000 00:00 0 
7f8be5769000-7f8be5867000 rw-p 00000000 00:00 0 
7f8be5867000-7f8be586a000 ---p 00000000 00:00 0 
7f8be586a000-7f8be5968000 rw-p 00000000 00:00 0 
7f8be5968000-7f8be596b000 ---p 00000000 00:00 0 
7f8be596b000-7f8be5a69000 rw-p 00000000 00:00 0 
7f8be5a69000-7f8be5a6c000 ---p 00000000 00:00 0 
7f8be5a6c000-7f8be5b6a000 rw-p 00000000 00:00 0 
7f8be5b6a000-7f8be5b6d000 ---p 00000000 00:00 0 
7f8be5b6d000-7f8be5e6b000 rw-p 00000000 00:00 0 
7f8be5ea5000-7f8be5ea8000 ---p 00000000 00:00 0 
7f8be5ea8000-7f8be61a6000 rw-p 00000000 00:00 0 
7f8be61a6000-7f8be639c000 rw-p 00000000 00:00 0 
7f8be639c000-7f8be63a6000 ---p 00000000 00:00 0 
7f8be63a6000-7f8be65a6000 rw-p 00000000 00:00 0 
7f8be65a6000-7f8be67a6000 rw-p 00000000 00:00 0 
7f8be67a6000-7f8be69a6000 rw-p 00000000 00:00 0 
7f8be6a01000-7f8be6c01000 rw-p 00000000 00:00 0 
7f8be6c01000-7f8be6e01000 rw-p 00000000 00:00 0 
7f8be6e6c000-7f8be6e6d000 rw-p 00000000 00:00 0 
7f8be6e6d000-7f8be6e80000 r--s 00344000 08:13 29650                      /usr/lib/jvm/java-8-oracle/jre/lib/resources.jar
7f8be6e80000-7f8be6e82000 r--s 00001000 08:13 148748                     /usr/lib/jvm/java-8-oracle/jre/lib/ext/dnsns.jar
7f8be6e82000-7f8be6e84000 r--s 00004000 08:13 3551241                    /home/samuel/.gradle/caches/modules-2/files-2.1/org.ow2.asm/asm-tree/4.0/67bd266cd17adcee486b76952ece4cc85fe248b8/asm-tree-4.0.jar
7f8be6e84000-7f8be6e8d000 r--s 000a7000 08:13 3551239                    /home/samuel/.gradle/caches/modules-2/files-2.1/com.android.tools.external.lombok/lombok-ast/0.2.2/57e560b535ceaa14fb6f15422d74594acd6c5b64/lombok-ast-0.2.2.jar
7f8be6e8d000-7f8be6e8f000 r--s 0000a000 08:13 3551238                    /home/samuel/.gradle/caches/modules-2/files-2.1/org.ow2.asm/asm/4.0/659add6efc75a4715d738e73f07505246edf4d66/asm-4.0.jar
7f8be6e8f000-7f8be6e91000 r--s 0000d000 08:13 3551237                    /home/samuel/.gradle/caches/modules-2/files-2.1/commons-codec/commons-codec/1.4/4216af16d38465bbab0f3dff8efa14204f7a399a/commons-codec-1.4.jar
7f8be6e91000-7f8be6e93000 r--s 0000d000 08:13 3551236                    /home/samuel/.gradle/caches/modules-2/files-2.1/commons-logging/commons-logging/1.1.1/5043bfebc3db072ed80fbd362e7caf00e885d8ae/commons-logging-1.1.1.jar
7f8be6e93000-7f8be6e98000 r--s 00028000 08:13 3551235                    /home/samuel/.gradle/caches/modules-2/files-2.1/org.apache.httpcomponents/httpcore/4.1/33fc26c02f8043ab0ede19eadc8c9885386b255c/httpcore-4.1.jar
7f8be6e98000-7f8be6e99000 r--s 00004000 08:13 3550963                    /home/samuel/.gradle/caches/modules-2/files-2.1/org.ow2.asm/asm-analysis/4.0/1c45d52b6f6c638db13cf3ac12adeb56b254cdd7/asm-analysis-4.0.jar
7f8be6e99000-7f8be6e9c000 r--s 00029000 08:13 3550962                    /home/samuel/.gradle/caches/modules-2/files-2.1/com.android.tools.lint/lint-api/24.0.0/f7b3b232bc6a2a48a48dd3aedb80113c82d6acba/lint-api-24.0.0.jar
7f8be6e9c000-7f8be6ea3000 r--s 00053000 08:13 3550961                    /home/samuel/.gradle/caches/modules-2/files-2.1/org.apache.commons/commons-compress/1.8.1/a698750c16740fd5b3871425f4cb3bbaa87f529d/commons-compress-1.8.1.jar
7f8be6ea3000-7f8be6ea4000 r--s 00005000 08:13 3550960                    /home/samuel/.gradle/caches/modules-2/files-2.1/com.android.tools/dvlib/24.0.0/ae24752eb30a9154f5a3d822b64d28d709b9c30b/dvlib-24.0.0.jar
7f8be6ea4000-7f8be6ea6000 r--s 00005000 08:13 3550959                    /home/samuel/.gradle/caches/modules-2/files-2.1/org.apache.httpcomponents/httpmime/4.1/9ba2dcdf94ce35c8a8e9bff242db0618ca932e92/httpmime-4.1.jar
7f8be6ea6000-7f8be6eae000 r--s 0004e000 08:13 3550958                    /home/samuel/.gradle/caches/modules-2/files-2.1/org.apache.httpcomponents/httpclient/4.1.1/3d1d918f32709e33ba7ddb2c4e8d1c543ebe713e/httpclient-4.1.1.jar
7f8be6eae000-7f8be6ed9000 r--s 001f9000 08:13 3550913                    /home/samuel/.gradle/caches/modules-2/files-2.1/com.google.guava/guava/17.0/9c6ef172e8de35fd8d4d8783e4821e57cdef7445/guava-17.0.jar
7f8be6ed9000-7f8be6ee9000 r--s 000d3000 08:13 3550912                    /home/samuel/.gradle/caches/modules-2/files-2.1/net.sf.proguard/proguard-base/5.1/dc606dd778fe4685be16d5a171782ccfe0ef5637/proguard-base-5.1.jar
7f8be6ee9000-7f8be6ef8000 r--s 001a9000 08:13 3550911                    /home/samuel/.gradle/caches/modules-2/files-2.1/org.eclipse.jdt.core.compiler/ecj/4.2.2/d9fd79499c664bccaf24dbe04be417de6c6af64a/ecj-4.2.2.jar
7f8be6ef8000-7f8be6efd000 r--s 0008c000 08:13 3550908                    /home/samuel/.gradle/caches/modules-2/files-2.1/com.android.tools.lint/lint-checks/24.0.0/9cb8d9c675a7716ac6f4d20df0ef0aba0e4519f5/lint-checks-24.0.0.jar
7f8be6efd000-7f8be6f0b000 r--s 00081000 08:13 3550907                    /home/samuel/.gradle/caches/modules-2/files-2.1/org.bouncycastle/bcpkix-jdk15on/1.48/28b7614b908a47844bb27e3c94b45b6893656265/bcpkix-jdk15on-1.48.jar
7f8be6f0b000-7f8be6f15000 r--s 000a8000 08:13 3550899                    /home/samuel/.gradle/caches/modules-2/files-2.1/com.android.tools/sdklib/24.0.0/df228874ac1c933b64492bdbe2d9bab5ab434166/sdklib-24.0.0.jar
7f8be6f15000-7f8be6f48000 r--s 00203000 08:13 3550886                    /home/samuel/.gradle/caches/modules-2/files-2.1/org.bouncycastle/bcprov-jdk15on/1.48/960dea7c9181ba0b17e8bab0c06a43f0a5f04e65/bcprov-jdk15on-1.48.jar
7f8be6f48000-7f8be6f4b000 ---p 00000000 00:00 0 
7f8be6f4b000-7f8be7249000 rw-p 00000000 00:00 0                          [stack:6034]
7f8be7249000-7f8be724c000 ---p 00000000 00:00 0 
7f8be724c000-7f8be7482000 rw-p 00000000 00:00 0 
7f8be7482000-7f8be7682000 rw-p 00000000 00:00 0 
7f8be7682000-7f8be7882000 rw-p 00000000 00:00 0 
7f8be7882000-7f8be78fb000 r--s 010e2000 08:13 7362481                    /usr/lib/jvm/java-8-oracle/lib/tools.jar
7f8be78fb000-7f8be78fe000 ---p 00000000 00:00 0 
7f8be78fe000-7f8be79fc000 rw-p 00000000 00:00 0                          [stack:7318]
7f8be79fc000-7f8be79ff000 ---p 00000000 00:00 0 
7f8be79ff000-7f8be7afd000 rw-p 00000000 00:00 0                          [stack:7315]
7f8be7afd000-7f8be7b00000 ---p 00000000 00:00 0 
7f8be7b00000-7f8be7dfe000 rw-p 00000000 00:00 0                          [stack:7317]
7f8be7dfe000-7f8be7e01000 ---p 00000000 00:00 0 
7f8be7e01000-7f8be7eff000 rw-p 00000000 00:00 0                          [stack:7316]
7f8be7eff000-7f8be7f02000 ---p 00000000 00:00 0 
7f8be7f02000-7f8be8000000 rw-p 00000000 00:00 0                          [stack:7314]
7f8be8000000-7f8be8021000 rw-p 00000000 00:00 0 
7f8be8021000-7f8bec000000 ---p 00000000 00:00 0 
7f8bec000000-7f8bec02b000 rw-p 00000000 00:00 0 
7f8bec02b000-7f8bf0000000 ---p 00000000 00:00 0 
7f8bf0000000-7f8bf0a4b000 rw-p 00000000 00:00 0 
7f8bf0a4b000-7f8bf4000000 ---p 00000000 00:00 0 
7f8bf4000000-7f8bf4021000 rw-p 00000000 00:00 0 
7f8bf4021000-7f8bf8000000 ---p 00000000 00:00 0 
7f8bf8000000-7f8bf9a5d000 rw-p 00000000 00:00 0 
7f8bf9a5d000-7f8bfc000000 ---p 00000000 00:00 0 
7f8bfc000000-7f8bfe153000 rw-p 00000000 00:00 0 
7f8bfe153000-7f8c00000000 ---p 00000000 00:00 0 
7f8c00000000-7f8c00021000 rw-p 00000000 00:00 0 
7f8c00021000-7f8c04000000 ---p 00000000 00:00 0 
7f8c04000000-7f8c05788000 rw-p 00000000 00:00 0 
7f8c05788000-7f8c08000000 ---p 00000000 00:00 0 
7f8c08000000-7f8c08021000 rw-p 00000000 00:00 0 
7f8c08021000-7f8c0c000000 ---p 00000000 00:00 0 
7f8c0c000000-7f8c0c021000 rw-p 00000000 00:00 0 
7f8c0c021000-7f8c10000000 ---p 00000000 00:00 0 
7f8c10000000-7f8c102a4000 rw-p 00000000 00:00 0 
7f8c102a4000-7f8c14000000 ---p 00000000 00:00 0 
7f8c14000000-7f8c14003000 r--s 00011000 08:13 3550957                    /home/samuel/.gradle/caches/modules-2/files-2.1/com.android.tools.layoutlib/layoutlib-api/24.0.0/a43d5bf045da108875a860767c453078b0d77795/layoutlib-api-24.0.0.jar
7f8c14003000-7f8c14004000 r--s 0000a000 08:13 3550914                    /home/samuel/.gradle/caches/modules-2/files-2.1/net.sf.kxml/kxml2/2.3.0/ccbc77a5fd907ef863c29f3596c6f54ffa4e9442/kxml2-2.3.0.jar
7f8c14004000-7f8c14006000 r--s 00003000 08:13 3550898                    /home/samuel/.gradle/caches/modules-2/files-2.1/com.android.tools.build/builder-model/1.0.0/2a3969a9082b47a4855395de918682eee946285a/builder-model-1.0.0.jar
7f8c14006000-7f8c14009000 r--s 00029000 08:13 3550895                    /home/samuel/.gradle/caches/modules-2/files-2.1/com.android.tools.build/manifest-merger/24.0.0/d0193672ed299817e4be2ba1caeeda4924b0e447/manifest-merger-24.0.0.jar
7f8c14009000-7f8c1400e000 r--s 00042000 08:13 3550892                    /home/samuel/.gradle/caches/modules-2/files-2.1/com.android.tools.ddms/ddmlib/24.0.0/25b4cd0c917c47ce599008f4431ecffa0a57b51a/ddmlib-24.0.0.jar
7f8c1400e000-7f8c1400f000 r--s 00000000 08:13 3550891                    /home/samuel/.gradle/caches/modules-2/files-2.1/com.android.tools.build/builder-test-api/1.0.0/2d6ea74b74f8d928e468ff623825d22a5d8a1649/builder-test-api-1.0.0.jar
7f8c1400f000-7f8c14011000 r--s 00014000 08:13 3550889                    /home/samuel/.gradle/caches/modules-2/files-2.1/com.android.tools/common/24.0.0/271771234c82097345fb73c9571c403e22f62faf/common-24.0.0.jar
7f8c14011000-7f8c14014000 ---p 00000000 00:00 0 
7f8c14014000-7f8c14112000 rw-p 00000000 00:00 0                          [stack:6005]
7f8c14112000-7f8c14123000 r-xp 00000000 08:13 148633                     /usr/lib/jvm/java-8-oracle/jre/lib/amd64/libnio.so
7f8c14123000-7f8c14322000 ---p 00011000 08:13 148633                     /usr/lib/jvm/java-8-oracle/jre/lib/amd64/libnio.so
7f8c14322000-7f8c14323000 rw-p 00010000 08:13 148633                     /usr/lib/jvm/java-8-oracle/jre/lib/amd64/libnio.so
7f8c14323000-7f8c14339000 r-xp 00000000 08:13 148679                     /usr/lib/jvm/java-8-oracle/jre/lib/amd64/libnet.so
7f8c14339000-7f8c14539000 ---p 00016000 08:13 148679                     /usr/lib/jvm/java-8-oracle/jre/lib/amd64/libnet.so
7f8c14539000-7f8c1453a000 rw-p 00016000 08:13 148679                     /usr/lib/jvm/java-8-oracle/jre/lib/amd64/libnet.so
7f8c1453a000-7f8c14550000 r-xp 00000000 08:13 4984822                    /lib/x86_64-linux-gnu/libgcc_s.so.1
7f8c14550000-7f8c1474f000 ---p 00016000 08:13 4984822                    /lib/x86_64-linux-gnu/libgcc_s.so.1
7f8c1474f000-7f8c14750000 rw-p 00015000 08:13 4984822                    /lib/x86_64-linux-gnu/libgcc_s.so.1
7f8c14750000-7f8c14836000 r-xp 00000000 08:13 7341643                    /usr/lib/x86_64-linux-gnu/libstdc++.so.6.0.19
7f8c14836000-7f8c14a35000 ---p 000e6000 08:13 7341643                    /usr/lib/x86_64-linux-gnu/libstdc++.so.6.0.19
7f8c14a35000-7f8c14a3d000 r--p 000e5000 08:13 7341643                    /usr/lib/x86_64-linux-gnu/libstdc++.so.6.0.19
7f8c14a3d000-7f8c14a3f000 rw-p 000ed000 08:13 7341643                    /usr/lib/x86_64-linux-gnu/libstdc++.so.6.0.19
7f8c14a3f000-7f8c14a54000 rw-p 00000000 00:00 0 
7f8c14a54000-7f8c14a56000 r--s 00002000 08:13 3550888                    /home/samuel/.gradle/caches/modules-2/files-2.1/com.squareup/javawriter/2.5.0/81241ff7078ef14f42ea2a8995fa09c096256e6b/javawriter-2.5.0.jar
7f8c14a56000-7f8c14a5b000 r--s 00047000 08:13 3550881                    /home/samuel/.gradle/caches/modules-2/files-2.1/com.android.tools/sdk-common/24.0.0/ebb1e063b8c370a88a38bf46036dce3892fe6c01/sdk-common-24.0.0.jar
7f8c14a5b000-7f8c14a5c000 r--s 00002000 08:13 3550880                    /home/samuel/.gradle/caches/modules-2/files-2.1/net.sf.proguard/proguard-gradle/5.1/672d43cbfde4765080e5bea19c51a2cc45dfc00/proguard-gradle-5.1.jar
7f8c14a5c000-7f8c14a5e000 r--s 00018000 08:13 3550879                    /home/samuel/.gradle/caches/modules-2/files-2.1/com.android.tools.lint/lint/24.0.0/e3d6e09a113af66fd2e5dc6e4d2321d7b0d82328/lint-24.0.0.jar
7f8c14a5e000-7f8c14a62000 r--s 00031000 08:13 3550878                    /home/samuel/.gradle/caches/modules-2/files-2.1/com.android.tools.build/builder/1.0.0/528fdfb8a4d51ae4177e7d913e88767916a84758/builder-1.0.0.jar
7f8c14a62000-7f8c14a72000 r--s 00138000 08:13 3550877                    /home/samuel/.gradle/caches/modules-2/files-2.1/com.android.tools.build/gradle/1.0.0/79f4ed9b6582ecec4d7b35aecfa45fbc48dadb96/gradle-1.0.0.jar
7f8c14a72000-7f8c14a73000 r--p 00000000 00:00 0 
7f8c14a73000-7f8c14a77000 r-xp 00000000 08:13 3552062                    /tmp/native-platform8064214777370343965dir/libnative-platform.so
7f8c14a77000-7f8c14c76000 ---p 00004000 08:13 3552062                    /tmp/native-platform8064214777370343965dir/libnative-platform.so
7f8c14c76000-7f8c14c77000 rw-p 00003000 08:13 3552062                    /tmp/native-platform8064214777370343965dir/libnative-platform.so
7f8c14c77000-7f8c14c7b000 r--s 00095000 08:13 29748                      /usr/lib/jvm/java-8-oracle/jre/lib/jsse.jar
7f8c14c7b000-7f8c14c7c000 r--s 00001000 08:13 7490196                    /home/samuel/.gradle/wrapper/dists/gradle-2.2.1-all/2m8005s69iu8v0oiejfej094b/gradle-2.2.1/lib/plugins/gradle-plugin-development-2.2.1.jar
7f8c14c7c000-7f8c14c7e000 r--s 00002000 08:13 7490195                    /home/samuel/.gradle/wrapper/dists/gradle-2.2.1-all/2m8005s69iu8v0oiejfej094b/gradle-2.2.1/lib/plugins/gradle-cunit-2.2.1.jar
7f8c14c7e000-7f8c14c83000 r--s 00036000 08:13 7490194                    /home/samuel/.gradle/wrapper/dists/gradle-2.2.1-all/2m8005s69iu8v0oiejfej094b/gradle-2.2.1/lib/plugins/gradle-ide-native-2.2.1.jar
7f8c14c83000-7f8c14c88000 r--s 00013000 08:13 7490193                    /home/samuel/.gradle/wrapper/dists/gradle-2.2.1-all/2m8005s69iu8v0oiejfej094b/gradle-2.2.1/lib/plugins/gradle-language-native-2.2.1.jar
7f8c14c88000-7f8c14c93000 r--s 0004d000 08:13 7490192                    /home/samuel/.gradle/wrapper/dists/gradle-2.2.1-all/2m8005s69iu8v0oiejfej094b/gradle-2.2.1/lib/plugins/gradle-platform-native-2.2.1.jar
7f8c14c93000-7f8c14c95000 r--s 00008000 08:13 7490191                    /home/samuel/.gradle/wrapper/dists/gradle-2.2.1-all/2m8005s69iu8v0oiejfej094b/gradle-2.2.1/lib/plugins/gradle-language-groovy-2.2.1.jar
7f8c14c95000-7f8c14c9a000 r--s 00022000 08:13 7490190                    /home/samuel/.gradle/wrapper/dists/gradle-2.2.1-all/2m8005s69iu8v0oiejfej094b/gradle-2.2.1/lib/plugins/gradle-language-java-2.2.1.jar
7f8c14c9a000-7f8c14c9d000 r--s 00007000 08:13 7490189                    /home/samuel/.gradle/wrapper/dists/gradle-2.2.1-all/2m8005s69iu8v0oiejfej094b/gradle-2.2.1/lib/plugins/gradle-language-jvm-2.2.1.jar
7f8c14c9d000-7f8c14ca0000 r--s 00009000 08:13 7490188                    /home/samuel/.gradle/wrapper/dists/gradle-2.2.1-all/2m8005s69iu8v0oiejfej094b/gradle-2.2.1/lib/plugins/gradle-platform-jvm-2.2.1.jar
7f8c14ca0000-7f8c14ca5000 r--s 00018000 08:13 7490187                    /home/samuel/.gradle/wrapper/dists/gradle-2.2.1-all/2m8005s69iu8v0oiejfej094b/gradle-2.2.1/lib/plugins/gradle-platform-base-2.2.1.jar
7f8c14ca5000-7f8c14caa000 r--s 00026000 08:13 7490186                    /home/samuel/.gradle/wrapper/dists/gradle-2.2.1-all/2m8005s69iu8v0oiejfej094b/gradle-2.2.1/lib/plugins/gradle-build-init-2.2.1.jar
7f8c14caa000-7f8c14cad000 r--s 0001d000 08:13 7490185                    /home/samuel/.gradle/wrapper/dists/gradle-2.2.1-all/2m8005s69iu8v0oiejfej094b/gradle-2.2.1/lib/plugins/gradle-jacoco-2.2.1.jar
7f8c14cad000-7f8c14cb0000 r--s 0000d000 08:13 7490184                    /home/samuel/.gradle/wrapper/dists/gradle-2.2.1-all/2m8005s69iu8v0oiejfej094b/gradle-2.2.1/lib/plugins/gradle-ivy-2.2.1.jar
7f8c14cb0000-7f8c14cb2000 r--s 00002000 08:13 7490183                    /home/samuel/.gradle/wrapper/dists/gradle-2.2.1-all/2m8005s69iu8v0oiejfej094b/gradle-2.2.1/lib/plugins/gradle-publish-2.2.1.jar
7f8c14cb2000-7f8c14cb4000 r--s 00005000 08:13 7490221                    /home/samuel/.gradle/wrapper/dists/gradle-2.2.1-all/2m8005s69iu8v0oiejfej094b/gradle-2.2.1/lib/plugins/jatl-0.2.2.jar
7f8c14cb4000-7f8c14cb6000 r--s 0000f000 08:13 7490182                    /home/samuel/.gradle/wrapper/dists/gradle-2.2.1-all/2m8005s69iu8v0oiejfej094b/gradle-2.2.1/lib/plugins/gradle-reporting-2.2.1.jar
7f8c14cb6000-7f8c14cbb000 r--s 00034000 08:13 7490181                    /home/samuel/.gradle/wrapper/dists/gradle-2.2.1-all/2m8005s69iu8v0oiejfej094b/gradle-2.2.1/lib/plugins/gradle-diagnostics-2.2.1.jar
7f8c14cbb000-7f8c14cc2000 r--s 00090000 08:13 7490180                    /home/samuel/.gradle/wrapper/dists/gradle-2.2.1-all/2m8005s69iu8v0oiejfej094b/gradle-2.2.1/lib/plugins/gradle-build-comparison-2.2.1.jar
7f8c14cc2000-7f8c14cc9000 r--s 00035000 08:13 7490220                    /home/samuel/.gradle/wrapper/dists/gradle-2.2.1-all/2m8005s69iu8v0oiejfej094b/gradle-2.2.1/lib/plugins/simple-4.1.21.jar
7f8c14cc9000-7f8c14cd5000 r--s 00100000 08:13 7490218                    /home/samuel/.gradle/wrapper/dists/gradle-2.2.1-all/2m8005s69iu8v0oiejfej094b/gradle-2.2.1/lib/plugins/rhino-1.7R3.jar
7f8c14cd5000-7f8c14cda000 r--s 0001f000 08:13 7490179                    /home/samuel/.gradle/wrapper/dists/gradle-2.2.1-all/2m8005s69iu8v0oiejfej094b/gradle-2.2.1/lib/plugins/gradle-javascript-2.2.1.jar
7f8c14cda000-7f8c14cdc000 r--s 0000e000 08:13 7490178                    /home/samuel/.gradle/wrapper/dists/gradle-2.2.1-all/2m8005s69iu8v0oiejfej094b/gradle-2.2.1/lib/plugins/gradle-ear-2.2.1.jar
7f8c14cdc000-7f8c14ce0000 r--s 00025000 08:13 7490217                    /home/samuel/.gradle/wrapper/dists/gradle-2.2.1-all/2m8005s69iu8v0oiejfej094b/gradle-2.2.1/lib/plugins/bcpg-jdk15-1.46.jar
7f8c14ce0000-7f8c14ce3000 r--s 0001d000 08:13 7490177                    /home/samuel/.gradle/wrapper/dists/gradle-2.2.1-all/2m8005s69iu8v0oiejfej094b/gradle-2.2.1/lib/plugins/gradle-signing-2.2.1.jar
7f8c14ce3000-7f8c14ce4000 r--s 00002000 08:13 7490216                    /home/samuel/.gradle/wrapper/dists/gradle-2.2.1-all/2m8005s69iu8v0oiejfej094b/gradle-2.2.1/lib/plugins/sonar-batch-bootstrapper-2.9.jar
7f8c14ce4000-7f8c14ce7000 r--s 00018000 08:13 7490176                    /home/samuel/.gradle/wrapper/dists/gradle-2.2.1-all/2m8005s69iu8v0oiejfej094b/gradle-2.2.1/lib/plugins/gradle-sonar-2.2.1.jar
7f8c14ce7000-7f8c14cea000 r--s 00017000 08:13 7490175                    /home/samuel/.gradle/wrapper/dists/gradle-2.2.1-all/2m8005s69iu8v0oiejfej094b/gradle-2.2.1/lib/plugins/gradle-scala-2.2.1.jar
7f8c14cea000-7f8c14cec000 r--s 0000e000 08:13 7490174                    /home/samuel/.gradle/wrapper/dists/gradle-2.2.1-all/2m8005s69iu8v0oiejfej094b/gradle-2.2.1/lib/plugins/gradle-announce-2.2.1.jar
7f8c14cec000-7f8c14cfa000 r--s 000bc000 08:13 7490173                    /home/samuel/.gradle/wrapper/dists/gradle-2.2.1-all/2m8005s69iu8v0oiejfej094b/gradle-2.2.1/lib/plugins/gradle-ide-2.2.1.jar
7f8c14cfa000-7f8c14cfc000 r--s 00000000 08:13 7490215                    /home/samuel/.gradle/wrapper/dists/gradle-2.2.1-all/2m8005s69iu8v0oiejfej094b/gradle-2.2.1/lib/plugins/plexus-component-annotations-1.5.2.jar
7f8c14cfc000-7f8c14cff000 r--s 0000c000 08:13 7490214                    /home/samuel/.gradle/wrapper/dists/gradle-2.2.1-all/2m8005s69iu8v0oiejfej094b/gradle-2.2.1/lib/plugins/pmaven-groovy-0.8-20100325.jar
7f8c14cff000-7f8c14d00000 r--s 00004000 08:13 7490213                    /home/samuel/.gradle/wrapper/dists/gradle-2.2.1-all/2m8005s69iu8v0oiejfej094b/gradle-2.2.1/lib/plugins/pmaven-common-0.8-20100325.jar
7f8c14d00000-7f8c14d04000 r--s 0001e000 08:13 7490172                    /home/samuel/.gradle/wrapper/dists/gradle-2.2.1-all/2m8005s69iu8v0oiejfej094b/gradle-2.2.1/lib/plugins/gradle-maven-2.2.1.jar
7f8c14d04000-7f8c14d1c000 r--s 0013b000 08:13 7490211                    /home/samuel/.gradle/wrapper/dists/gradle-2.2.1-all/2m8005s69iu8v0oiejfej094b/gradle-2.2.1/lib/plugins/bndlib-2.1.0.jar
7f8c14d1c000-7f8c14d1e000 r--s 00004000 08:13 7490171                    /home/samuel/.gradle/wrapper/dists/gradle-2.2.1-all/2m8005s69iu8v0oiejfej094b/gradle-2.2.1/lib/plugins/gradle-osgi-2.2.1.jar
7f8c14d1e000-7f8c14d23000 r--s 00068000 08:13 7490210                    /home/samuel/.gradle/wrapper/dists/gradle-2.2.1-all/2m8005s69iu8v0oiejfej094b/gradle-2.2.1/lib/plugins/antlr-2.7.7.jar
7f8c14d23000-7f8c14d24000 r--s 00002000 08:13 7490209                    /home/samuel/.gradle/wrapper/dists/gradle-2.2.1-all/2m8005s69iu8v0oiejfej094b/gradle-2.2.1/lib/plugins/ant-antlr-1.9.3.jar
7f8c14d24000-7f8c14d26000 r--s 00004000 08:13 7490170                    /home/samuel/.gradle/wrapper/dists/gradle-2.2.1-all/2m8005s69iu8v0oiejfej094b/gradle-2.2.1/lib/plugins/gradle-antlr-2.2.1.jar
7f8c14d26000-7f8c14d29000 r--s 0001e000 08:13 7490232                    /home/samuel/.gradle/wrapper/dists/gradle-2.2.1-all/2m8005s69iu8v0oiejfej094b/gradle-2.2.1/lib/plugins/jsp-api-2.1-6.1.14.jar
7f8c14d29000-7f8c14d4c000 r--s 00344000 08:13 7490231                    /home/samuel/.gradle/wrapper/dists/gradle-2.2.1-all/2m8005s69iu8v0oiejfej094b/gradle-2.2.1/lib/plugins/core-3.1.1.jar
7f8c14d4c000-7f8c14d4d000 r--s 00006000 08:13 7490230                    /home/samuel/.gradle/wrapper/dists/gradle-2.2.1-all/2m8005s69iu8v0oiejfej094b/gradle-2.2.1/lib/plugins/jetty-naming-6.1.25.jar
7f8c14d4d000-7f8c14d4e000 r--s 00002000 08:13 7490208                    /home/samuel/.gradle/wrapper/dists/gradle-2.2.1-all/2m8005s69iu8v0oiejfej094b/gradle-2.2.1/lib/plugins/geronimo-annotation_1.0_spec-1.0.jar
7f8c14d4e000-7f8c14d50000 r--s 00002000 08:13 7490207                    /home/samuel/.gradle/wrapper/dists/gradle-2.2.1-all/2m8005s69iu8v0oiejfej094b/gradle-2.2.1/lib/plugins/jetty-annotations-6.1.25.jar
7f8c14d50000-7f8c14d61000 r--s 000ea000 08:13 7490206                    /home/samuel/.gradle/wrapper/dists/gradle-2.2.1-all/2m8005s69iu8v0oiejfej094b/gradle-2.2.1/lib/plugins/jsp-2.1-6.1.14.jar
7f8c14d61000-7f8c14d63000 r--s 0000d000 08:13 7490205                    /home/samuel/.gradle/wrapper/dists/gradle-2.2.1-all/2m8005s69iu8v0oiejfej094b/gradle-2.2.1/lib/plugins/jetty-plus-6.1.25.jar
7f8c14d63000-7f8c14d65000 r--s 0001f000 08:13 7490204                    /home/samuel/.gradle/wrapper/dists/gradle-2.2.1-all/2m8005s69iu8v0oiejfej094b/gradle-2.2.1/lib/plugins/servlet-api-2.5-20081211.jar
7f8c14d65000-7f8c14d69000 r--s 00028000 08:13 7490203                    /home/samuel/.gradle/wrapper/dists/gradle-2.2.1-all/2m8005s69iu8v0oiejfej094b/gradle-2.2.1/lib/plugins/jetty-util-6.1.25.jar
7f8c14d69000-7f8c14d70000 r--s 0007d000 08:13 7490202                    /home/samuel/.gradle/wrapper/dists/gradle-2.2.1-all/2m8005s69iu8v0oiejfej094b/gradle-2.2.1/lib/plugins/jetty-6.1.25.jar
7f8c14d70000-7f8c14d72000 r--s 00009000 08:13 7490169                    /home/samuel/.gradle/wrapper/dists/gradle-2.2.1-all/2m8005s69iu8v0oiejfej094b/gradle-2.2.1/lib/plugins/gradle-jetty-2.2.1.jar
7f8c14d72000-7f8c14d77000 r--s 00041000 08:13 7490168                    /home/samuel/.gradle/wrapper/dists/gradle-2.2.1-all/2m8005s69iu8v0oiejfej094b/gradle-2.2.1/lib/plugins/gradle-code-quality-2.2.1.jar
7f8c14d77000-7f8c14d79000 r--s 00009000 08:13 7490240                    /home/samuel/.gradle/wrapper/dists/gradle-2.2.1-all/2m8005s69iu8v0oiejfej094b/gradle-2.2.1/lib/plugins/hamcrest-core-1.3.jar
7f8c14d79000-7f8c14d7f000 r--s 00033000 08:13 7490229                    /home/samuel/.gradle/wrapper/dists/gradle-2.2.1-all/2m8005s69iu8v0oiejfej094b/gradle-2.2.1/lib/plugins/snakeyaml-1.6.jar
7f8c14d7f000-7f8c14d81000 r--s 00006000 08:13 7490228                    /home/samuel/.gradle/wrapper/dists/gradle-2.2.1-all/2m8005s69iu8v0oiejfej094b/gradle-2.2.1/lib/plugins/jcommander-1.12.jar
7f8c14d81000-7f8c14d86000 r--s 00040000 08:13 7490227                    /home/samuel/.gradle/wrapper/dists/gradle-2.2.1-all/2m8005s69iu8v0oiejfej094b/gradle-2.2.1/lib/plugins/bsh-2.0b4.jar
7f8c14d86000-7f8c14d88000 r--s 00009000 08:13 7490201                    /home/samuel/.gradle/wrapper/dists/gradle-2.2.1-all/2m8005s69iu8v0oiejfej094b/gradle-2.2.1/lib/plugins/commons-cli-1.2.jar
7f8c14d88000-7f8c14d91000 r--s 00089000 08:13 7490200                    /home/samuel/.gradle/wrapper/dists/gradle-2.2.1-all/2m8005s69iu8v0oiejfej094b/gradle-2.2.1/lib/plugins/testng-6.3.1.jar
7f8c14d91000-7f8c14d97000 r--s 00036000 08:13 7490199                    /home/samuel/.gradle/wrapper/dists/gradle-2.2.1-all/2m8005s69iu8v0oiejfej094b/gradle-2.2.1/lib/plugins/junit-4.11.jar
7f8c14d97000-7f8c14da3000 r--s 00075000 08:13 7490167                    /home/samuel/.gradle/wrapper/dists/gradle-2.2.1-all/2m8005s69iu8v0oiejfej094b/gradle-2.2.1/lib/plugins/gradle-plugins-2.2.1.jar
7f8c14da3000-7f8c14da6000 r--s 00011000 08:13 7490197                    /home/samuel/.gradle/wrapper/dists/gradle-2.2.1-all/2m8005s69iu8v0oiejfej094b/gradle-2.2.1/lib/plugins/gradle-plugin-use-2.2.1.jar
7f8c14da6000-7f8c14dbe000 r--s 00115000 08:13 7490238                    /home/samuel/.gradle/wrapper/dists/gradle-2.2.1-all/2m8005s69iu8v0oiejfej094b/gradle-2.2.1/lib/plugins/xercesImpl-2.9.1.jar
7f8c14dbe000-7f8c14dc6000 r--s 00028000 08:13 7490239                    /home/samuel/.gradle/wrapper/dists/gradle-2.2.1-all/2m8005s69iu8v0oiejfej094b/gradle-2.2.1/lib/plugins/xml-apis-1.3.04.jar
7f8c14dc6000-7f8c14dcc000 r--s 0005b000 08:13 7490237                    /home/samuel/.gradle/wrapper/dists/gradle-2.2.1-all/2m8005s69iu8v0oiejfej094b/gradle-2.2.1/lib/plugins/jcifs-1.3.17.jar
7f8c14dcc000-7f8c14dd2000 r--s 00031000 08:13 7490236                    /home/samuel/.gradle/wrapper/dists/gradle-2.2.1-all/2m8005s69iu8v0oiejfej094b/gradle-2.2.1/lib/plugins/httpcore-4.2.2.jar
7f8c14dd2000-7f8c14dd8000 r--s 00033000 08:13 7490235                    /home/samuel/.gradle/wrapper/dists/gradle-2.2.1-all/2m8005s69iu8v0oiejfej094b/gradle-2.2.1/lib/plugins/commons-codec-1.6.jar
7f8c14dd8000-7f8c14ddb000 r--s 0001c000 08:13 7490234                    /home/samuel/.gradle/wrapper/dists/gradle-2.2.1-all/2m8005s69iu8v0oiejfej094b/gradle-2.2.1/lib/plugins/nekohtml-1.9.14.jar
7f8c14ddb000-7f8c14de4000 r--s 00060000 08:13 7490233                    /home/samuel/.gradle/wrapper/dists/gradle-2.2.1-all/2m8005s69iu8v0oiejfej094b/gradle-2.2.1/lib/plugins/httpclient-4.2.2.jar
7f8c14de4000-7f8c14de6000 r--s 00007000 08:13 7490222                    /home/samuel/.gradle/wrapper/dists/gradle-2.2.1-all/2m8005s69iu8v0oiejfej094b/gradle-2.2.1/lib/plugins/gradle-resources-http-2.2.1.jar
7f8c14de6000-7f8c14e0e000 r--s 00194000 08:13 7490226                    /home/samuel/.gradle/wrapper/dists/gradle-2.2.1-all/2m8005s69iu8v0oiejfej094b/gradle-2.2.1/lib/plugins/bcprov-jdk15-1.46.jar
7f8c14e0e000-7f8c14e12000 r--s 0001d000 08:13 7490225                    /home/samuel/.gradle/wrapper/dists/gradle-2.2.1-all/2m8005s69iu8v0oiejfej094b/gradle-2.2.1/lib/plugins/xbean-reflect-3.4.jar
7f8c14e12000-7f8c14e17000 r--s 0002a000 08:13 7490219                    /home/samuel/.gradle/wrapper/dists/gradle-2.2.1-all/2m8005s69iu8v0oiejfej094b/gradle-2.2.1/lib/plugins/gson-2.2.4.jar
7f8c14e17000-7f8c14e1b000 r--s 0003d000 08:13 7490224                    /home/samuel/.gradle/wrapper/dists/gradle-2.2.1-all/2m8005s69iu8v0oiejfej094b/gradle-2.2.1/lib/plugins/jsch-0.1.51.jar
7f8c14e1b000-7f8c14e34000 r--s 00129000 08:13 7490212                    /home/samuel/.gradle/wrapper/dists/gradle-2.2.1-all/2m8005s69iu8v0oiejfej094b/gradle-2.2.1/lib/plugins/maven-ant-tasks-2.1.3.jar
7f8c14e34000-7f8c14e43000 r--s 000d9000 08:13 7490223                    /home/samuel/.gradle/wrapper/dists/gradle-2.2.1-all/2m8005s69iu8v0oiejfej094b/gradle-2.2.1/lib/plugins/ivy-2.2.0.jar
7f8c14e43000-7f8c14e47000 r--s 0001e000 08:13 7490166                    /home/samuel/.gradle/wrapper/dists/gradle-2.2.1-all/2m8005s69iu8v0oiejfej094b/gradle-2.2.1/lib/plugins/jarjar-aether-impl-1.13.1.jar
7f8c14e47000-7f8c14e4a000 r--s 00027000 08:13 7490165                    /home/samuel/.gradle/wrapper/dists/gradle-2.2.1-all/2m8005s69iu8v0oiejfej094b/gradle-2.2.1/lib/plugins/jarjar-maven-model-3.0.4.jar
7f8c14e4a000-7f8c14e4d000 r--s 0000b000 08:13 7490164                    /home/samuel/.gradle/wrapper/dists/gradle-2.2.1-all/2m8005s69iu8v0oiejfej094b/gradle-2.2.1/lib/plugins/jarjar-maven-artifact-3.0.4.jar
7f8c14e4d000-7f8c14e51000 r--s 0001e000 08:13 7490163                    /home/samuel/.gradle/wrapper/dists/gradle-2.2.1-all/2m8005s69iu8v0oiejfej094b/gradle-2.2.1/lib/plugins/jarjar-aether-util-1.13.1.jar
7f8c14e51000-7f8c14e53000 r--s 00007000 08:13 7490162                    /home/samuel/.gradle/wrapper/dists/gradle-2.2.1-all/2m8005s69iu8v0oiejfej094b/gradle-2.2.1/lib/plugins/jarjar-wagon-http-shared4-2.4.jar
7f8c14e53000-7f8c14e60000 r--s 00083000 08:13 7490161                    /home/samuel/.gradle/wrapper/dists/gradle-2.2.1-all/2m8005s69iu8v0oiejfej094b/gradle-2.2.1/lib/plugins/jarjar-maven-core-3.0.4.jar
7f8c14e60000-7f8c14e62000 r--s 00003000 08:13 7490160                    /home/samuel/.gradle/wrapper/dists/gradle-2.2.1-all/2m8005s69iu8v0oiejfej094b/gradle-2.2.1/lib/plugins/jarjar-aether-spi-1.13.1.jar
7f8c14e62000-7f8c14e64000 r--s 00009000 08:13 7490159                    /home/samuel/.gradle/wrapper/dists/gradle-2.2.1-all/2m8005s69iu8v0oiejfej094b/gradle-2.2.1/lib/plugins/jarjar-maven-settings-builder-3.0.4.jar
7f8c14e64000-7f8c14e68000 r--s 00014000 08:13 7490158                    /home/samuel/.gradle/wrapper/dists/gradle-2.2.1-all/2m8005s69iu8v0oiejfej094b/gradle-2.2.1/lib/plugins/jarjar-aether-api-1.13.1.jar
7f8c14e68000-7f8c14e69000 r--s 00002000 08:13 7490157                    /home/samuel/.gradle/wrapper/dists/gradle-2.2.1-all/2m8005s69iu8v0oiejfej094b/gradle-2.2.1/lib/plugins/jarjar-wagon-http-2.4.jar
7f8c14e69000-7f8c14e70000 r--s 00042000 08:13 7490156                    /home/samuel/.gradle/wrapper/dists/gradle-2.2.1-all/2m8005s69iu8v0oiejfej094b/gradle-2.2.1/lib/plugins/jarjar-maven-compat-3.0.4.jar
7f8c14e70000-7f8c14e72000 r--s 00006000 08:13 7490155                    /home/samuel/.gradle/wrapper/dists/gradle-2.2.1-all/2m8005s69iu8v0oiejfej094b/gradle-2.2.1/lib/plugins/jarjar-aether-connector-wagon-1.13.1.jar
7f8c14e72000-7f8c14e74000 r--s 00000000 08:13 7490154                    /home/samuel/.gradle/wrapper/dists/gradle-2.2.1-all/2m8005s69iu8v0oiejfej094b/gradle-2.2.1/lib/plugins/jarjar-plexus-component-annotations-1.5.5.jar
7f8c14e74000-7f8c14e76000 r--s 00006000 08:13 7490153                    /home/samuel/.gradle/wrapper/dists/gradle-2.2.1-all/2m8005s69iu8v0oiejfej094b/gradle-2.2.1/lib/plugins/jarjar-plexus-sec-dispatcher-1.3.jar
7f8c14e76000-7f8c14e7b000 r--s 00022000 08:13 7490152                    /home/samuel/.gradle/wrapper/dists/gradle-2.2.1-all/2m8005s69iu8v0oiejfej094b/gradle-2.2.1/lib/plugins/jarjar-maven-model-builder-3.0.4.jar
7f8c14e7b000-7f8c14e7d000 r--s 0000b000 08:13 7490151                    /home/samuel/.gradle/wrapper/dists/gradle-2.2.1-all/2m8005s69iu8v0oiejfej094b/gradle-2.2.1/lib/plugins/jarjar-maven-plugin-api-3.0.4.jar
7f8c14e7d000-7f8c14e80000 r--s 0000a000 08:13 7490150                    /home/samuel/.gradle/wrapper/dists/gradle-2.2.1-all/2m8005s69iu8v0oiejfej094b/gradle-2.2.1/lib/plugins/jarjar-plexus-classworlds-2.4.jar
7f8c14e80000-7f8c14e84000 r--s 00035000 08:13 7490149                    /home/samuel/.gradle/wrapper/dists/gradle-2.2.1-all/2m8005s69iu8v0oiejfej094b/gradle-2.2.1/lib/plugins/jarjar-plexus-utils-2.0.6.jar
7f8c14e84000-7f8c14e86000 r--s 0000e000 08:13 7490148                    /home/samuel/.gradle/wrapper/dists/gradle-2.2.1-all/2m8005s69iu8v0oiejfej094b/gradle-2.2.1/lib/plugins/jarjar-plexus-interpolation-1.14.jar
7f8c14e86000-7f8c14e88000 r--s 00002000 08:13 7490147                    /home/samuel/.gradle/wrapper/dists/gradle-2.2.1-all/2m8005s69iu8v0oiejfej094b/gradle-2.2.1/lib/plugins/jarjar-plexus-cipher-1.7.jar
7f8c14e88000-7f8c14e8a000 r--s 0000c000 08:13 7490146                    /home/samuel/.gradle/wrapper/dists/gradle-2.2.1-all/2m8005s69iu8v0oiejfej094b/gradle-2.2.1/lib/plugins/jarjar-wagon-provider-api-2.4.jar
7f8c14e8a000-7f8c14e8c000 r--s 0000d000 08:13 7490145                    /home/samuel/.gradle/wrapper/dists/gradle-2.2.1-all/2m8005s69iu8v0oiejfej094b/gradle-2.2.1/lib/plugins/jarjar-maven-aether-provider-3.0.4.jar
7f8c14e8c000-7f8c14e94000 r--s 00031000 08:13 7490144                    /home/samuel/.gradle/wrapper/dists/gradle-2.2.1-all/2m8005s69iu8v0oiejfej094b/gradle-2.2.1/lib/plugins/jarjar-plexus-container-default-1.5.5.jar
7f8c14e94000-7f8c14e95000 r--s 00007000 08:13 7490143                    /home/samuel/.gradle/wrapper/dists/gradle-2.2.1-all/2m8005s69iu8v0oiejfej094b/gradle-2.2.1/lib/plugins/jarjar-maven-repository-metadata-3.0.4.jar
7f8c14e95000-7f8c14e96000 r--s 0000b000 08:13 7490142                    /home/samuel/.gradle/wrapper/dists/gradle-2.2.1-all/2m8005s69iu8v0oiejfej094b/gradle-2.2.1/lib/plugins/jarjar-maven-settings-3.0.4.jar
7f8c14e96000-7f8c14eae000 r--s 000b5000 08:13 7490198                    /home/samuel/.gradle/wrapper/dists/gradle-2.2.1-all/2m8005s69iu8v0oiejfej094b/gradle-2.2.1/lib/plugins/gradle-dependency-management-2.2.1.jar
7f8c14eae000-7f8c14eb5000 r--s 00000000 08:13 7477225                    /usr/lib/x86_64-linux-gnu/gconv/gconv-modules.cache
7f8c14eb5000-7f8c14edb000 r--p 00000000 08:13 9826                       /usr/share/locale-langpack/es/LC_MESSAGES/libc.mo
7f8c14edb000-7f8c14edc000 r--s 00005000 08:13 7490093                    /home/samuel/.gradle/wrapper/dists/gradle-2.2.1-all/2m8005s69iu8v0oiejfej094b/gradle-2.2.1/lib/gradle-wrapper-2.2.1.jar
7f8c14edc000-7f8c14ee5000 r--s 0002c000 08:13 7490098                    /home/samuel/.gradle/wrapper/dists/gradle-2.2.1-all/2m8005s69iu8v0oiejfej094b/gradle-2.2.1/lib/gradle-tooling-api-2.2.1.jar
7f8c14ee5000-7f8c14ee7000 r--s 00002000 08:13 7490122                    /home/samuel/.gradle/wrapper/dists/gradle-2.2.1-all/2m8005s69iu8v0oiejfej094b/gradle-2.2.1/lib/gradle-open-api-2.2.1.jar
7f8c14ee7000-7f8c14eed000 r--s 00032000 08:13 7490124                    /home/samuel/.gradle/wrapper/dists/gradle-2.2.1-all/2m8005s69iu8v0oiejfej094b/gradle-2.2.1/lib/jaxen-1.1.jar
7f8c14eed000-7f8c14ef2000 r--s 00048000 08:13 7490123                    /home/samuel/.gradle/wrapper/dists/gradle-2.2.1-all/2m8005s69iu8v0oiejfej094b/gradle-2.2.1/lib/dom4j-1.6.1.jar
7f8c14ef2000-7f8c14efd000 r--s 00059000 08:13 7490097                    /home/samuel/.gradle/wrapper/dists/gradle-2.2.1-all/2m8005s69iu8v0oiejfej094b/gradle-2.2.1/lib/gradle-ui-2.2.1.jar
7f8c14efd000-7f8c14eff000 r--s 00006000 08:13 7490118                    /home/samuel/.gradle/wrapper/dists/gradle-2.2.1-all/2m8005s69iu8v0oiejfej094b/gradle-2.2.1/lib/gradle-resources-2.2.1.jar
7f8c14eff000-7f8c14f01000 r--s 00007000 08:13 7490140                    /home/samuel/.gradle/wrapper/dists/gradle-2.2.1-all/2m8005s69iu8v0oiejfej094b/gradle-2.2.1/lib/objenesis-1.2.jar
7f8c14f01000-7f8c14f03000 r--s 00000000 08:13 7490139                    /home/samuel/.gradle/wrapper/dists/gradle-2.2.1-all/2m8005s69iu8v0oiejfej094b/gradle-2.2.1/lib/minlog-1.2.jar
7f8c14f03000-7f8c14f05000 r--s 0000f000 08:13 7490138                    /home/samuel/.gradle/wrapper/dists/gradle-2.2.1-all/2m8005s69iu8v0oiejfej094b/gradle-2.2.1/lib/reflectasm-1.07-shaded.jar
7f8c14f05000-7f8c14f09000 r--s 00026000 08:13 7490129                    /home/samuel/.gradle/wrapper/dists/gradle-2.2.1-all/2m8005s69iu8v0oiejfej094b/gradle-2.2.1/lib/kryo-2.20.jar
7f8c14f09000-7f8c14f12000 r--s 00039000 08:13 7490117                    /home/samuel/.gradle/wrapper/dists/gradle-2.2.1-all/2m8005s69iu8v0oiejfej094b/gradle-2.2.1/lib/gradle-messaging-2.2.1.jar
7f8c14f12000-7f8c14f13000 r--s 00003000 08:13 7490137                    /home/samuel/.gradle/wrapper/dists/gradle-2.2.1-all/2m8005s69iu8v0oiejfej094b/gradle-2.2.1/lib/native-platform-freebsd-amd64-0.10.jar
7f8c14f13000-7f8c14f14000 r--s 00003000 08:13 7490136                    /home/samuel/.gradle/wrapper/dists/gradle-2.2.1-all/2m8005s69iu8v0oiejfej094b/gradle-2.2.1/lib/native-platform-freebsd-i386-0.10.jar
7f8c14f14000-7f8c14f15000 r--s 00005000 08:13 7490135                    /home/samuel/.gradle/wrapper/dists/gradle-2.2.1-all/2m8005s69iu8v0oiejfej094b/gradle-2.2.1/lib/native-platform-windows-i386-0.10.jar
7f8c14f15000-7f8c14f16000 r--s 00005000 08:13 7490134                    /home/samuel/.gradle/wrapper/dists/gradle-2.2.1-all/2m8005s69iu8v0oiejfej094b/gradle-2.2.1/lib/native-platform-windows-amd64-0.10.jar
7f8c14f16000-7f8c14f17000 r--s 00003000 08:13 7490133                    /home/samuel/.gradle/wrapper/dists/gradle-2.2.1-all/2m8005s69iu8v0oiejfej094b/gradle-2.2.1/lib/native-platform-linux-i386-0.10.jar
7f8c14f17000-7f8c14f18000 r--s 00003000 08:13 7490132                    /home/samuel/.gradle/wrapper/dists/gradle-2.2.1-all/2m8005s69iu8v0oiejfej094b/gradle-2.2.1/lib/native-platform-linux-amd64-0.10.jar
7f8c14f18000-7f8c14f19000 r--s 00002000 08:13 7490131                    /home/samuel/.gradle/wrapper/dists/gradle-2.2.1-all/2m8005s69iu8v0oiejfej094b/gradle-2.2.1/lib/native-platform-osx-amd64-0.10.jar
7f8c14f19000-7f8c14f1a000 r--s 00002000 08:13 7490130                    /home/samuel/.gradle/wrapper/dists/gradle-2.2.1-all/2m8005s69iu8v0oiejfej094b/gradle-2.2.1/lib/native-platform-osx-i386-0.10.jar
7f8c14f1a000-7f8c14f1c000 r--s 00008000 08:13 7490127                    /home/samuel/.gradle/wrapper/dists/gradle-2.2.1-all/2m8005s69iu8v0oiejfej094b/gradle-2.2.1/lib/jansi-1.2.1.jar
7f8c14f1c000-7f8c14f1f000 r--s 0000d000 08:13 7490126                    /home/samuel/.gradle/wrapper/dists/gradle-2.2.1-all/2m8005s69iu8v0oiejfej094b/gradle-2.2.1/lib/native-platform-0.10.jar
7f8c14f1f000-7f8c14f23000 r--s 000e4000 08:13 7490125                    /home/samuel/.gradle/wrapper/dists/gradle-2.2.1-all/2m8005s69iu8v0oiejfej094b/gradle-2.2.1/lib/jna-3.2.7.jar
7f8c14f23000-7f8c14f25000 r--s 00008000 08:13 7490099                    /home/samuel/.gradle/wrapper/dists/gradle-2.2.1-all/2m8005s69iu8v0oiejfej094b/gradle-2.2.1/lib/gradle-native-2.2.1.jar
7f8c14f25000-7f8c14f27000 r--s 00005000 08:13 7490096                    /home/samuel/.gradle/wrapper/dists/gradle-2.2.1-all/2m8005s69iu8v0oiejfej094b/gradle-2.2.1/lib/gradle-cli-2.2.1.jar
7f8c14f27000-7f8c14f29000 r--s 00003000 08:13 7490116                    /home/samuel/.gradle/wrapper/dists/gradle-2.2.1-all/2m8005s69iu8v0oiejfej094b/gradle-2.2.1/lib/gradle-base-services-groovy-2.2.1.jar
7f8c14f29000-7f8c14f2b000 r--s 0000a000 08:13 7490104                    /home/samuel/.gradle/wrapper/dists/gradle-2.2.1-all/2m8005s69iu8v0oiejfej094b/gradle-2.2.1/lib/gradle-model-groovy-2.2.1.jar
7f8c14f2b000-7f8c14f2f000 r--s 0001b000 08:13 7490103                    /home/samuel/.gradle/wrapper/dists/gradle-2.2.1-all/2m8005s69iu8v0oiejfej094b/gradle-2.2.1/lib/gradle-model-core-2.2.1.jar
7f8c14f2f000-7f8c14f30000 r--s 00000000 08:13 7490119                    /home/samuel/.gradle/wrapper/dists/gradle-2.2.1-all/2m8005s69iu8v0oiejfej094b/gradle-2.2.1/lib/gradle-docs-2.2.1.jar
7f8c14f30000-7f8c14f32000 r--s 00003000 08:13 7490121                    /home/samuel/.gradle/wrapper/dists/gradle-2.2.1-all/2m8005s69iu8v0oiejfej094b/gradle-2.2.1/lib/jcl-over-slf4j-1.7.7.jar
7f8c14f32000-7f8c14f33000 r--s 00005000 08:13 7490120                    /home/samuel/.gradle/wrapper/dists/gradle-2.2.1-all/2m8005s69iu8v0oiejfej094b/gradle-2.2.1/lib/log4j-over-slf4j-1.7.7.jar
7f8c14f33000-7f8c14f36000 r--s 0001b000 08:13 7490114                    /home/samuel/.gradle/wrapper/dists/gradle-2.2.1-all/2m8005s69iu8v0oiejfej094b/gradle-2.2.1/lib/jarjar-1.3.jar
7f8c14f36000-7f8c14f38000 r--s 00000000 08:13 7490113                    /home/samuel/.gradle/wrapper/dists/gradle-2.2.1-all/2m8005s69iu8v0oiejfej094b/gradle-2.2.1/lib/jul-to-slf4j-1.7.7.jar
7f8c14f38000-7f8c14f3e000 r--s 0003b000 08:13 7490111                    /home/samuel/.gradle/wrapper/dists/gradle-2.2.1-all/2m8005s69iu8v0oiejfej094b/gradle-2.2.1/lib/logback-classic-1.0.13.jar
7f8c14f3e000-7f8c14f48000 r--s 0005d000 08:13 7490110                    /home/samuel/.gradle/wrapper/dists/gradle-2.2.1-all/2m8005s69iu8v0oiejfej094b/gradle-2.2.1/lib/logback-core-1.0.13.jar
7f8c14f48000-7f8c14f4d000 r--s 00041000 08:13 7490109                    /home/samuel/.gradle/wrapper/dists/gradle-2.2.1-all/2m8005s69iu8v0oiejfej094b/gradle-2.2.1/lib/commons-lang-2.6.jar
7f8c14f4d000-7f8c14f50000 r--s 00018000 08:13 7490108                    /home/samuel/.gradle/wrapper/dists/gradle-2.2.1-all/2m8005s69iu8v0oiejfej094b/gradle-2.2.1/lib/commons-io-1.4.jar
7f8c14f50000-7f8c14f5e000 r--s 0007f000 08:13 7490107                    /home/samuel/.gradle/wrapper/dists/gradle-2.2.1-all/2m8005s69iu8v0oiejfej094b/gradle-2.2.1/lib/commons-collections-3.2.1.jar
7f8c14f5e000-7f8c14f63000 r--s 00036000 08:13 7490105                    /home/samuel/.gradle/wrapper/dists/gradle-2.2.1-all/2m8005s69iu8v0oiejfej094b/gradle-2.2.1/lib/asm-all-5.0.3.jar
7f8c14f63000-7f8c14fce000 r--s 00685000 08:13 7490102                    /home/samuel/.gradle/wrapper/dists/gradle-2.2.1-all/2m8005s69iu8v0oiejfej094b/gradle-2.2.1/lib/groovy-all-2.3.6.jar
7f8c14fce000-7f8c14ff6000 r--s 001cf000 08:13 7490101                    /home/samuel/.gradle/wrapper/dists/gradle-2.2.1-all/2m8005s69iu8v0oiejfej094b/gradle-2.2.1/lib/guava-jdk5-17.0.jar
7f8c14ff6000-7f8c14ff7000 ---p 00000000 00:00 0 
7f8c14ff7000-7f8c150f7000 rw-p 00000000 00:00 0                          [stack:5987]
7f8c150f7000-7f8c150fa000 ---p 00000000 00:00 0 
7f8c150fa000-7f8c151f8000 rw-p 00000000 00:00 0                          [stack:5986]
7f8c151f8000-7f8c151fb000 ---p 00000000 00:00 0 
7f8c151fb000-7f8c152f9000 rw-p 00000000 00:00 0                          [stack:5985]
7f8c152f9000-7f8c152fc000 ---p 00000000 00:00 0 
7f8c152fc000-7f8c153fa000 rw-p 00000000 00:00 0                          [stack:5984]
7f8c153fa000-7f8c153fd000 ---p 00000000 00:00 0 
7f8c153fd000-7f8c154fb000 rw-p 00000000 00:00 0                          [stack:5983]
7f8c154fb000-7f8c154fe000 ---p 00000000 00:00 0 
7f8c154fe000-7f8c155fc000 rw-p 00000000 00:00 0                          [stack:5982]
7f8c155fc000-7f8c155ff000 ---p 00000000 00:00 0 
7f8c155ff000-7f8c156fd000 rw-p 00000000 00:00 0                          [stack:5981]
7f8c156fd000-7f8c15afb000 r--p 00000000 08:13 7344360                    /usr/lib/locale/locale-archive
7f8c15afb000-7f8c15afe000 ---p 00000000 00:00 0 
7f8c15afe000-7f8c15bfc000 rw-p 00000000 00:00 0                          [stack:5980]
7f8c15bfc000-7f8c15bff000 ---p 00000000 00:00 0 
7f8c15bff000-7f8c15cfd000 rw-p 00000000 00:00 0                          [stack:5979]
7f8c15cfd000-7f8c15cfe000 ---p 00000000 00:00 0 
7f8c15cfe000-7f8c18000000 rw-p 00000000 00:00 0                          [stack:5978]
7f8c18000000-7f8c18021000 rw-p 00000000 00:00 0 
7f8c18021000-7f8c1c000000 ---p 00000000 00:00 0 
7f8c1c000000-7f8c1c021000 rw-p 00000000 00:00 0 
7f8c1c021000-7f8c20000000 ---p 00000000 00:00 0 
7f8c20000000-7f8c20021000 rw-p 00000000 00:00 0 
7f8c20021000-7f8c24000000 ---p 00000000 00:00 0 
7f8c24000000-7f8c24033000 rw-p 00000000 00:00 0 
7f8c24033000-7f8c28000000 ---p 00000000 00:00 0 
7f8c28000000-7f8c28021000 rw-p 00000000 00:00 0 
7f8c28021000-7f8c2c000000 ---p 00000000 00:00 0 
7f8c2c000000-7f8c2c021000 rw-p 00000000 00:00 0 
7f8c2c021000-7f8c30000000 ---p 00000000 00:00 0 
7f8c30000000-7f8c30021000 rw-p 00000000 00:00 0 
7f8c30021000-7f8c34000000 ---p 00000000 00:00 0 
7f8c34000000-7f8c34021000 rw-p 00000000 00:00 0 
7f8c34021000-7f8c38000000 ---p 00000000 00:00 0 
7f8c38000000-7f8c38001000 r--s 00000000 08:13 7490115                    /home/samuel/.gradle/wrapper/dists/gradle-2.2.1-all/2m8005s69iu8v0oiejfej094b/gradle-2.2.1/lib/javax.inject-1.jar
7f8c38001000-7f8c38020000 r--s 001cc000 08:13 7490106                    /home/samuel/.gradle/wrapper/dists/gradle-2.2.1-all/2m8005s69iu8v0oiejfej094b/gradle-2.2.1/lib/ant-1.9.3.jar
7f8c38020000-7f8c3803c000 r--s 00393000 08:13 148746                     /usr/lib/jvm/java-8-oracle/jre/lib/ext/cldrdata.jar
7f8c3803c000-7f8c3806d000 r--s 00191000 08:13 7490095                    /home/samuel/.gradle/wrapper/dists/gradle-2.2.1-all/2m8005s69iu8v0oiejfej094b/gradle-2.2.1/lib/gradle-core-2.2.1.jar
7f8c3806d000-7f8c39000000 rw-p 00000000 00:00 0 
7f8c39000000-7f8c3a890000 rwxp 00000000 00:00 0 
7f8c3a890000-7f8c48000000 ---p 00000000 00:00 0 
7f8c48000000-7f8c48bd7000 rw-p 00000000 00:00 0 
7f8c48bd7000-7f8c4c000000 ---p 00000000 00:00 0 
7f8c4c000000-7f8c4c002000 r--s 00006000 08:13 7490100                    /home/samuel/.gradle/wrapper/dists/gradle-2.2.1-all/2m8005s69iu8v0oiejfej094b/gradle-2.2.1/lib/slf4j-api-1.7.7.jar
7f8c4c002000-7f8c4c00c000 r--s 00116000 08:13 148750                     /usr/lib/jvm/java-8-oracle/jre/lib/ext/localedata.jar
7f8c4c00c000-7f8c4c014000 r--s 0003c000 08:13 7490092                    /home/samuel/.gradle/wrapper/dists/gradle-2.2.1-all/2m8005s69iu8v0oiejfej094b/gradle-2.2.1/lib/gradle-launcher-2.2.1.jar
7f8c4c014000-7f8c4cac3000 rw-p 00000000 00:00 0 
7f8c4cac3000-7f8c4cc9b000 r--s 03d17000 08:13 29744                      /usr/lib/jvm/java-8-oracle/jre/lib/rt.jar
7f8c4cc9b000-7f8c4d711000 rw-p 00000000 00:00 0 
7f8c4d711000-7f8c4d712000 ---p 00000000 00:00 0 
7f8c4d712000-7f8c4d812000 rw-p 00000000 00:00 0                          [stack:5977]
7f8c4d812000-7f8c4d813000 ---p 00000000 00:00 0 
7f8c4d813000-7f8c4d913000 rw-p 00000000 00:00 0                          [stack:5976]
7f8c4d913000-7f8c4d914000 ---p 00000000 00:00 0 
7f8c4d914000-7f8c4da14000 rw-p 00000000 00:00 0                          [stack:5975]
7f8c4da14000-7f8c4da15000 ---p 00000000 00:00 0 
7f8c4da15000-7f8c4db15000 rw-p 00000000 00:00 0                          [stack:5974]
7f8c4db15000-7f8c4db16000 ---p 00000000 00:00 0 
7f8c4db16000-7f8c4dc16000 rw-p 00000000 00:00 0                          [stack:5973]
7f8c4dc16000-7f8c4dc17000 ---p 00000000 00:00 0 
7f8c4dc17000-7f8c4dd17000 rw-p 00000000 00:00 0                          [stack:5972]
7f8c4dd17000-7f8c4dd18000 ---p 00000000 00:00 0 
7f8c4dd18000-7f8c4de18000 rw-p 00000000 00:00 0                          [stack:5971]
7f8c4de18000-7f8c4de19000 ---p 00000000 00:00 0 
7f8c4de19000-7f8c4df59000 rw-p 00000000 00:00 0                          [stack:5970]
7f8c4df59000-7f8c4e06f000 ---p 00000000 00:00 0 
7f8c4e06f000-7f8c4e0af000 rw-p 00000000 00:00 0 
7f8c4e0af000-7f8c4e1c4000 ---p 00000000 00:00 0 
7f8c4e1c4000-7f8c4e26f000 rw-p 00000000 00:00 0 
7f8c4e26f000-7f8c4e2d3000 rw-p 00000000 00:00 0 
7f8c4e2d3000-7f8c4e630000 ---p 00000000 00:00 0 
7f8c4e630000-7f8c4e64a000 r-xp 00000000 08:13 148674                     /usr/lib/jvm/java-8-oracle/jre/lib/amd64/libzip.so
7f8c4e64a000-7f8c4e84a000 ---p 0001a000 08:13 148674                     /usr/lib/jvm/java-8-oracle/jre/lib/amd64/libzip.so
7f8c4e84a000-7f8c4e84b000 rw-p 0001a000 08:13 148674                     /usr/lib/jvm/java-8-oracle/jre/lib/amd64/libzip.so
7f8c4e84b000-7f8c4e856000 r-xp 00000000 08:13 4984870                    /lib/x86_64-linux-gnu/libnss_files-2.19.so
7f8c4e856000-7f8c4ea55000 ---p 0000b000 08:13 4984870                    /lib/x86_64-linux-gnu/libnss_files-2.19.so
7f8c4ea55000-7f8c4ea56000 r--p 0000a000 08:13 4984870                    /lib/x86_64-linux-gnu/libnss_files-2.19.so
7f8c4ea56000-7f8c4ea57000 rw-p 0000b000 08:13 4984870                    /lib/x86_64-linux-gnu/libnss_files-2.19.so
7f8c4ea57000-7f8c4ea62000 r-xp 00000000 08:13 4984880                    /lib/x86_64-linux-gnu/libnss_nis-2.19.so
7f8c4ea62000-7f8c4ec61000 ---p 0000b000 08:13 4984880                    /lib/x86_64-linux-gnu/libnss_nis-2.19.so
7f8c4ec61000-7f8c4ec62000 r--p 0000a000 08:13 4984880                    /lib/x86_64-linux-gnu/libnss_nis-2.19.so
7f8c4ec62000-7f8c4ec63000 rw-p 0000b000 08:13 4984880                    /lib/x86_64-linux-gnu/libnss_nis-2.19.so
7f8c4ec63000-7f8c4ec7a000 r-xp 00000000 08:13 4984864                    /lib/x86_64-linux-gnu/libnsl-2.19.so
7f8c4ec7a000-7f8c4ee79000 ---p 00017000 08:13 4984864                    /lib/x86_64-linux-gnu/libnsl-2.19.so
7f8c4ee79000-7f8c4ee7a000 r--p 00016000 08:13 4984864                    /lib/x86_64-linux-gnu/libnsl-2.19.so
7f8c4ee7a000-7f8c4ee7b000 rw-p 00017000 08:13 4984864                    /lib/x86_64-linux-gnu/libnsl-2.19.so
7f8c4ee7b000-7f8c4ee7d000 rw-p 00000000 00:00 0 
7f8c4ee7d000-7f8c4ee86000 r-xp 00000000 08:13 4984866                    /lib/x86_64-linux-gnu/libnss_compat-2.19.so
7f8c4ee86000-7f8c4f085000 ---p 00009000 08:13 4984866                    /lib/x86_64-linux-gnu/libnss_compat-2.19.so
7f8c4f085000-7f8c4f086000 r--p 00008000 08:13 4984866                    /lib/x86_64-linux-gnu/libnss_compat-2.19.so
7f8c4f086000-7f8c4f087000 rw-p 00009000 08:13 4984866                    /lib/x86_64-linux-gnu/libnss_compat-2.19.so
7f8c4f087000-7f8c4f0b1000 r-xp 00000000 08:13 148661                     /usr/lib/jvm/java-8-oracle/jre/lib/amd64/libjava.so
7f8c4f0b1000-7f8c4f2b1000 ---p 0002a000 08:13 148661                     /usr/lib/jvm/java-8-oracle/jre/lib/amd64/libjava.so
7f8c4f2b1000-7f8c4f2b3000 rw-p 0002a000 08:13 148661                     /usr/lib/jvm/java-8-oracle/jre/lib/amd64/libjava.so
7f8c4f2b3000-7f8c4f2c0000 r-xp 00000000 08:13 148650                     /usr/lib/jvm/java-8-oracle/jre/lib/amd64/libverify.so
7f8c4f2c0000-7f8c4f4c0000 ---p 0000d000 08:13 148650                     /usr/lib/jvm/java-8-oracle/jre/lib/amd64/libverify.so
7f8c4f4c0000-7f8c4f4c2000 rw-p 0000d000 08:13 148650                     /usr/lib/jvm/java-8-oracle/jre/lib/amd64/libverify.so
7f8c4f4c2000-7f8c4f4c9000 r-xp 00000000 08:13 4984923                    /lib/x86_64-linux-gnu/librt-2.19.so
7f8c4f4c9000-7f8c4f6c8000 ---p 00007000 08:13 4984923                    /lib/x86_64-linux-gnu/librt-2.19.so
7f8c4f6c8000-7f8c4f6c9000 r--p 00006000 08:13 4984923                    /lib/x86_64-linux-gnu/librt-2.19.so
7f8c4f6c9000-7f8c4f6ca000 rw-p 00007000 08:13 4984923                    /lib/x86_64-linux-gnu/librt-2.19.so
7f8c4f6ca000-7f8c4f7cf000 r-xp 00000000 08:13 4984845                    /lib/x86_64-linux-gnu/libm-2.19.so
7f8c4f7cf000-7f8c4f9ce000 ---p 00105000 08:13 4984845                    /lib/x86_64-linux-gnu/libm-2.19.so
7f8c4f9ce000-7f8c4f9cf000 r--p 00104000 08:13 4984845                    /lib/x86_64-linux-gnu/libm-2.19.so
7f8c4f9cf000-7f8c4f9d0000 rw-p 00105000 08:13 4984845                    /lib/x86_64-linux-gnu/libm-2.19.so
7f8c4f9d0000-7f8c5068e000 r-xp 00000000 08:13 148657                     /usr/lib/jvm/java-8-oracle/jre/lib/amd64/server/libjvm.so
7f8c5068e000-7f8c5088d000 ---p 00cbe000 08:13 148657                     /usr/lib/jvm/java-8-oracle/jre/lib/amd64/server/libjvm.so
7f8c5088d000-7f8c50965000 rw-p 00cbd000 08:13 148657                     /usr/lib/jvm/java-8-oracle/jre/lib/amd64/server/libjvm.so
7f8c50965000-7f8c509aa000 rw-p 00000000 00:00 0 
7f8c509aa000-7f8c50b65000 r-xp 00000000 08:13 4984795                    /lib/x86_64-linux-gnu/libc-2.19.so
7f8c50b65000-7f8c50d64000 ---p 001bb000 08:13 4984795                    /lib/x86_64-linux-gnu/libc-2.19.so
7f8c50d64000-7f8c50d68000 r--p 001ba000 08:13 4984795                    /lib/x86_64-linux-gnu/libc-2.19.so
7f8c50d68000-7f8c50d6a000 rw-p 001be000 08:13 4984795                    /lib/x86_64-linux-gnu/libc-2.19.so
7f8c50d6a000-7f8c50d6f000 rw-p 00000000 00:00 0 
7f8c50d6f000-7f8c50d72000 r-xp 00000000 08:13 4984812                    /lib/x86_64-linux-gnu/libdl-2.19.so
7f8c50d72000-7f8c50f71000 ---p 00003000 08:13 4984812                    /lib/x86_64-linux-gnu/libdl-2.19.so
7f8c50f71000-7f8c50f72000 r--p 00002000 08:13 4984812                    /lib/x86_64-linux-gnu/libdl-2.19.so
7f8c50f72000-7f8c50f73000 rw-p 00003000 08:13 4984812                    /lib/x86_64-linux-gnu/libdl-2.19.so
7f8c50f73000-7f8c50f88000 r-xp 00000000 08:13 7364447                    /usr/lib/jvm/java-8-oracle/lib/amd64/jli/libjli.so
7f8c50f88000-7f8c51188000 ---p 00015000 08:13 7364447                    /usr/lib/jvm/java-8-oracle/lib/amd64/jli/libjli.so
7f8c51188000-7f8c51189000 rw-p 00015000 08:13 7364447                    /usr/lib/jvm/java-8-oracle/lib/amd64/jli/libjli.so
7f8c51189000-7f8c511a2000 r-xp 00000000 08:13 4984915                    /lib/x86_64-linux-gnu/libpthread-2.19.so
7f8c511a2000-7f8c513a1000 ---p 00019000 08:13 4984915                    /lib/x86_64-linux-gnu/libpthread-2.19.so
7f8c513a1000-7f8c513a2000 r--p 00018000 08:13 4984915                    /lib/x86_64-linux-gnu/libpthread-2.19.so
7f8c513a2000-7f8c513a3000 rw-p 00019000 08:13 4984915                    /lib/x86_64-linux-gnu/libpthread-2.19.so
7f8c513a3000-7f8c513a7000 rw-p 00000000 00:00 0 
7f8c513a7000-7f8c513ca000 r-xp 00000000 08:13 4984771                    /lib/x86_64-linux-gnu/ld-2.19.so
7f8c513ca000-7f8c513cb000 r--s 00000000 08:13 7490112                    /home/samuel/.gradle/wrapper/dists/gradle-2.2.1-all/2m8005s69iu8v0oiejfej094b/gradle-2.2.1/lib/jcip-annotations-1.0.jar
7f8c513cb000-7f8c513d1000 r--s 00026000 08:13 7490094                    /home/samuel/.gradle/wrapper/dists/gradle-2.2.1-all/2m8005s69iu8v0oiejfej094b/gradle-2.2.1/lib/gradle-base-services-2.2.1.jar
7f8c513d1000-7f8c514a3000 rw-p 00000000 00:00 0 
7f8c514a3000-7f8c514a6000 ---p 00000000 00:00 0 
7f8c514a6000-7f8c515a8000 rw-p 00000000 00:00 0                          [stack:5967]
7f8c515a8000-7f8c515a9000 r--s 00004000 08:13 7490128                    /home/samuel/.gradle/wrapper/dists/gradle-2.2.1-all/2m8005s69iu8v0oiejfej094b/gradle-2.2.1/lib/ant-launcher-1.9.3.jar
7f8c515a9000-7f8c515bd000 rw-p 00000000 00:00 0 
7f8c515bd000-7f8c515c5000 rw-s 00000000 08:13 3552060                    /tmp/hsperfdata_samuel/5966
7f8c515c5000-7f8c515c6000 rw-p 00000000 00:00 0 
7f8c515c6000-7f8c515c7000 ---p 00000000 00:00 0 
7f8c515c7000-7f8c515c9000 rw-p 00000000 00:00 0 
7f8c515c9000-7f8c515ca000 r--p 00022000 08:13 4984771                    /lib/x86_64-linux-gnu/ld-2.19.so
7f8c515ca000-7f8c515cb000 rw-p 00023000 08:13 4984771                    /lib/x86_64-linux-gnu/ld-2.19.so
7f8c515cb000-7f8c515cc000 rw-p 00000000 00:00 0 
7ffdf1764000-7ffdf1786000 rw-p 00000000 00:00 0                          [stack]
7ffdf17e4000-7ffdf17e6000 r-xp 00000000 00:00 0                          [vdso]
7ffdf17e6000-7ffdf17e8000 r--p 00000000 00:00 0                          [vvar]
ffffffffff600000-ffffffffff601000 r-xp 00000000 00:00 0                  [vsyscall]

VM Arguments:
jvm_args: -XX:MaxPermSize=256m -XX:+HeapDumpOnOutOfMemoryError -Xmx1024m -Dfile.encoding=UTF-8 -Duser.country=ES -Duser.language=es -Duser.variant 
java_command: org.gradle.launcher.daemon.bootstrap.GradleDaemon 2.2.1 /home/samuel/.gradle/daemon 10800000 25238809-b50f-4802-99c1-c2e1fbbd6816 -XX:MaxPermSize=256m -XX:+HeapDumpOnOutOfMemoryError -Xmx1024m -Dfile.encoding=UTF-8 -Duser.country=ES -Duser.language=es -Duser.variant
java_class_path (initial): /home/samuel/.gradle/wrapper/dists/gradle-2.2.1-all/2m8005s69iu8v0oiejfej094b/gradle-2.2.1/lib/gradle-launcher-2.2.1.jar
Launcher Type: SUN_STANDARD

Environment Variables:
JAVA_HOME=/usr/lib/jvm/java-8-oracle/
PATH=/usr/local/sbin:/usr/local/bin:/usr/sbin:/usr/bin:/sbin:/bin:/usr/games:/usr/local/games:/usr/lib/jvm/java-9-oracle/bin:/usr/lib/jvm/java-9-oracle/db/bin:/usr/lib/jvm/java-8-oracle/:/home/samuel/Android/Sdk/tools/:/home/samuel/Android/Sdk/platform-tools
SHELL=/bin/bash
DISPLAY=:0

Signal Handlers:
SIGSEGV: [libjvm.so+0xaba070], sa_mask[0]=11111111011111111101111111111110, sa_flags=SA_RESTART|SA_SIGINFO
SIGBUS: [libjvm.so+0xaba070], sa_mask[0]=11111111011111111101111111111110, sa_flags=SA_RESTART|SA_SIGINFO
SIGFPE: [libjvm.so+0x917630], sa_mask[0]=11111111011111111101111111111110, sa_flags=SA_RESTART|SA_SIGINFO
SIGPIPE: [libjvm.so+0x917630], sa_mask[0]=11111111011111111101111111111110, sa_flags=SA_RESTART|SA_SIGINFO
SIGXFSZ: [libjvm.so+0x917630], sa_mask[0]=11111111011111111101111111111110, sa_flags=SA_RESTART|SA_SIGINFO
SIGILL: [libjvm.so+0x917630], sa_mask[0]=11111111011111111101111111111110, sa_flags=SA_RESTART|SA_SIGINFO
SIGUSR1: SIG_DFL, sa_mask[0]=00000000000000000000000000000000, sa_flags=none
SIGUSR2: [libjvm.so+0x918c60], sa_mask[0]=00100000000000000000000000000000, sa_flags=SA_RESTART|SA_SIGINFO
SIGHUP: [libjvm.so+0x91a060], sa_mask[0]=11111111011111111101111111111110, sa_flags=SA_RESTART|SA_SIGINFO
SIGINT: [libjvm.so+0x91a060], sa_mask[0]=11111111011111111101111111111110, sa_flags=SA_RESTART|SA_SIGINFO
SIGTERM: [libjvm.so+0x91a060], sa_mask[0]=11111111011111111101111111111110, sa_flags=SA_RESTART|SA_SIGINFO
SIGQUIT: [libjvm.so+0x91a060], sa_mask[0]=11111111011111111101111111111110, sa_flags=SA_RESTART|SA_SIGINFO


---------------  S Y S T E M  ---------------

OS:DISTRIB_ID="elementary OS"
DISTRIB_RELEASE=0.3.1
DISTRIB_CODENAME=freya
DISTRIB_DESCRIPTION="elementary OS Freya"

uname:Linux 3.16.0-48-generic #64~14.04.1-Ubuntu SMP Thu Aug 20 23:03:57 UTC 2015 x86_64
libc:glibc 2.19 NPTL 2.19 
rlimit: STACK 8192k, CORE 0k, NPROC 31366, NOFILE 4096, AS infinity
load average:1,44 1,09 0,77

/proc/meminfo:
MemTotal:        8059520 kB
MemFree:          130664 kB
MemAvailable:      77648 kB
Buffers:            1168 kB
Cached:           210680 kB
SwapCached:            0 kB
Active:          7248076 kB
Inactive:         193124 kB
Active(anon):    7237404 kB
Inactive(anon):   179432 kB
Active(file):      10672 kB
Inactive(file):    13692 kB
Unevictable:         164 kB
Mlocked:             164 kB
SwapTotal:             0 kB
SwapFree:              0 kB
Dirty:               648 kB
Writeback:             0 kB
AnonPages:       7234972 kB
Mapped:           350508 kB
Shmem:            181528 kB
Slab:              93600 kB
SReclaimable:      38544 kB
SUnreclaim:        55056 kB
KernelStack:       17264 kB
PageTables:        84440 kB
NFS_Unstable:          0 kB
Bounce:                0 kB
WritebackTmp:          0 kB
CommitLimit:     4029760 kB
Committed_AS:   18389904 kB
VmallocTotal:   34359738367 kB
VmallocUsed:      397220 kB
VmallocChunk:   34359280844 kB
HardwareCorrupted:     0 kB
AnonHugePages:   1339392 kB
HugePages_Total:       0
HugePages_Free:        0
HugePages_Rsvd:        0
HugePages_Surp:        0
Hugepagesize:       2048 kB
DirectMap4k:      618680 kB
DirectMap2M:     7653376 kB


CPU:total 8 (4 cores per cpu, 2 threads per core) family 6 model 58 stepping 9, cmov, cx8, fxsr, mmx, sse, sse2, sse3, ssse3, sse4.1, sse4.2, popcnt, avx, aes, clmul, erms, ht, tsc, tscinvbit, tscinv

/proc/cpuinfo:
processor	: 0
vendor_id	: GenuineIntel
cpu family	: 6
model		: 58
model name	: Intel(R) Core(TM) i7-3610QM CPU @ 2.30GHz
stepping	: 9
microcode	: 0x10
cpu MHz		: 3099.968
cache size	: 6144 KB
physical id	: 0
siblings	: 8
core id		: 0
cpu cores	: 4
apicid		: 0
initial apicid	: 0
fpu		: yes
fpu_exception	: yes
cpuid level	: 13
wp		: yes
flags		: fpu vme de pse tsc msr pae mce cx8 apic sep mtrr pge mca cmov pat pse36 clflush dts acpi mmx fxsr sse sse2 ss ht tm pbe syscall nx rdtscp lm constant_tsc arch_perfmon pebs bts rep_good nopl xtopology nonstop_tsc aperfmperf eagerfpu pni pclmulqdq dtes64 monitor ds_cpl vmx est tm2 ssse3 cx16 xtpr pdcm pcid sse4_1 sse4_2 x2apic popcnt tsc_deadline_timer aes xsave avx f16c rdrand lahf_lm ida arat epb xsaveopt pln pts dtherm tpr_shadow vnmi flexpriority ept vpid fsgsbase smep erms
bogomips	: 4589.61
clflush size	: 64
cache_alignment	: 64
address sizes	: 36 bits physical, 48 bits virtual
power management:

processor	: 1
vendor_id	: GenuineIntel
cpu family	: 6
model		: 58
model name	: Intel(R) Core(TM) i7-3610QM CPU @ 2.30GHz
stepping	: 9
microcode	: 0x10
cpu MHz		: 3108.863
cache size	: 6144 KB
physical id	: 0
siblings	: 8
core id		: 1
cpu cores	: 4
apicid		: 2
initial apicid	: 2
fpu		: yes
fpu_exception	: yes
cpuid level	: 13
wp		: yes
flags		: fpu vme de pse tsc msr pae mce cx8 apic sep mtrr pge mca cmov pat pse36 clflush dts acpi mmx fxsr sse sse2 ss ht tm pbe syscall nx rdtscp lm constant_tsc arch_perfmon pebs bts rep_good nopl xtopology nonstop_tsc aperfmperf eagerfpu pni pclmulqdq dtes64 monitor ds_cpl vmx est tm2 ssse3 cx16 xtpr pdcm pcid sse4_1 sse4_2 x2apic popcnt tsc_deadline_timer aes xsave avx f16c rdrand lahf_lm ida arat epb xsaveopt pln pts dtherm tpr_shadow vnmi flexpriority ept vpid fsgsbase smep erms
bogomips	: 4589.61
clflush size	: 64
cache_alignment	: 64
address sizes	: 36 bits physical, 48 bits virtual
power management:

processor	: 2
vendor_id	: GenuineIntel
cpu family	: 6
model		: 58
model name	: Intel(R) Core(TM) i7-3610QM CPU @ 2.30GHz
stepping	: 9
microcode	: 0x10
cpu MHz		: 3099.968
cache size	: 6144 KB
physical id	: 0
siblings	: 8
core id		: 2
cpu cores	: 4
apicid		: 4
initial apicid	: 4
fpu		: yes
fpu_exception	: yes
cpuid level	: 13
wp		: yes
flags		: fpu vme de pse tsc msr pae mce cx8 apic sep mtrr pge mca cmov pat pse36 clflush dts acpi mmx fxsr sse sse2 ss ht tm pbe syscall nx rdtscp lm constant_tsc arch_perfmon pebs bts rep_good nopl xtopology nonstop_tsc aperfmperf eagerfpu pni pclmulqdq dtes64 monitor ds_cpl vmx est tm2 ssse3 cx16 xtpr pdcm pcid sse4_1 sse4_2 x2apic popcnt tsc_deadline_timer aes xsave avx f16c rdrand lahf_lm ida arat epb xsaveopt pln pts dtherm tpr_shadow vnmi flexpriority ept vpid fsgsbase smep erms
bogomips	: 4589.61
clflush size	: 64
cache_alignment	: 64
address sizes	: 36 bits physical, 48 bits virtual
power management:

processor	: 3
vendor_id	: GenuineIntel
cpu family	: 6
model		: 58
model name	: Intel(R) Core(TM) i7-3610QM CPU @ 2.30GHz
stepping	: 9
microcode	: 0x10
cpu MHz		: 3115.062
cache size	: 6144 KB
physical id	: 0
siblings	: 8
core id		: 3
cpu cores	: 4
apicid		: 6
initial apicid	: 6
fpu		: yes
fpu_exception	: yes
cpuid level	: 13
wp		: yes
flags		: fpu vme de pse tsc msr pae mce cx8 apic sep mtrr pge mca cmov pat pse36 clflush dts acpi mmx fxsr sse sse2 ss ht tm pbe syscall nx rdtscp lm constant_tsc arch_perfmon pebs bts rep_good nopl xtopology nonstop_tsc aperfmperf eagerfpu pni pclmulqdq dtes64 monitor ds_cpl vmx est tm2 ssse3 cx16 xtpr pdcm pcid sse4_1 sse4_2 x2apic popcnt tsc_deadline_timer aes xsave avx f16c rdrand lahf_lm ida arat epb xsaveopt pln pts dtherm tpr_shadow vnmi flexpriority ept vpid fsgsbase smep erms
bogomips	: 4589.61
clflush size	: 64
cache_alignment	: 64
address sizes	: 36 bits physical, 48 bits virtual
power management:

processor	: 4
vendor_id	: GenuineIntel
cpu family	: 6
model		: 58
model name	: Intel(R) Core(TM) i7-3610QM CPU @ 2.30GHz
stepping	: 9
microcode	: 0x10
cpu MHz		: 3111.199
cache size	: 6144 KB
physical id	: 0
siblings	: 8
core id		: 0
cpu cores	: 4
apicid		: 1
initial apicid	: 1
fpu		: yes
fpu_exception	: yes
cpuid level	: 13
wp		: yes
flags		: fpu vme de pse tsc msr pae mce cx8 apic sep mtrr pge mca cmov pat pse36 clflush dts acpi mmx fxsr sse sse2 ss ht tm pbe syscall nx rdtscp lm constant_tsc arch_perfmon pebs bts rep_good nopl xtopology nonstop_tsc aperfmperf eagerfpu pni pclmulqdq dtes64 monitor ds_cpl vmx est tm2 ssse3 cx16 xtpr pdcm pcid sse4_1 sse4_2 x2apic popcnt tsc_deadline_timer aes xsave avx f16c rdrand lahf_lm ida arat epb xsaveopt pln pts dtherm tpr_shadow vnmi flexpriority ept vpid fsgsbase smep erms
bogomips	: 4589.61
clflush size	: 64
cache_alignment	: 64
address sizes	: 36 bits physical, 48 bits virtual
power management:

processor	: 5
vendor_id	: GenuineIntel
cpu family	: 6
model		: 58
model name	: Intel(R) Core(TM) i7-3610QM CPU @ 2.30GHz
stepping	: 9
microcode	: 0x10
cpu MHz		: 3110.929
cache size	: 6144 KB
physical id	: 0
siblings	: 8
core id		: 1
cpu cores	: 4
apicid		: 3
initial apicid	: 3
fpu		: yes
fpu_exception	: yes
cpuid level	: 13
wp		: yes
flags		: fpu vme de pse tsc msr pae mce cx8 apic sep mtrr pge mca cmov pat pse36 clflush dts acpi mmx fxsr sse sse2 ss ht tm pbe syscall nx rdtscp lm constant_tsc arch_perfmon pebs bts rep_good nopl xtopology nonstop_tsc aperfmperf eagerfpu pni pclmulqdq dtes64 monitor ds_cpl vmx est tm2 ssse3 cx16 xtpr pdcm pcid sse4_1 sse4_2 x2apic popcnt tsc_deadline_timer aes xsave avx f16c rdrand lahf_lm ida arat epb xsaveopt pln pts dtherm tpr_shadow vnmi flexpriority ept vpid fsgsbase smep erms
bogomips	: 4589.61
clflush size	: 64
cache_alignment	: 64
address sizes	: 36 bits physical, 48 bits virtual
power management:

processor	: 6
vendor_id	: GenuineIntel
cpu family	: 6
model		: 58
model name	: Intel(R) Core(TM) i7-3610QM CPU @ 2.30GHz
stepping	: 9
microcode	: 0x10
cpu MHz		: 3099.968
cache size	: 6144 KB
physical id	: 0
siblings	: 8
core id		: 2
cpu cores	: 4
apicid		: 5
initial apicid	: 5
fpu		: yes
fpu_exception	: yes
cpuid level	: 13
wp		: yes
flags		: fpu vme de pse tsc msr pae mce cx8 apic sep mtrr pge mca cmov pat pse36 clflush dts acpi mmx fxsr sse sse2 ss ht tm pbe syscall nx rdtscp lm constant_tsc arch_perfmon pebs bts rep_good nopl xtopology nonstop_tsc aperfmperf eagerfpu pni pclmulqdq dtes64 monitor ds_cpl vmx est tm2 ssse3 cx16 xtpr pdcm pcid sse4_1 sse4_2 x2apic popcnt tsc_deadline_timer aes xsave avx f16c rdrand lahf_lm ida arat epb xsaveopt pln pts dtherm tpr_shadow vnmi flexpriority ept vpid fsgsbase smep erms
bogomips	: 4589.61
clflush size	: 64
cache_alignment	: 64
address sizes	: 36 bits physical, 48 bits virtual
power management:

processor	: 7
vendor_id	: GenuineIntel
cpu family	: 6
model		: 58
model name	: Intel(R) Core(TM) i7-3610QM CPU @ 2.30GHz
stepping	: 9
microcode	: 0x10
cpu MHz		: 3099.968
cache size	: 6144 KB
physical id	: 0
siblings	: 8
core id		: 3
cpu cores	: 4
apicid		: 7
initial apicid	: 7
fpu		: yes
fpu_exception	: yes
cpuid level	: 13
wp		: yes
flags		: fpu vme de pse tsc msr pae mce cx8 apic sep mtrr pge mca cmov pat pse36 clflush dts acpi mmx fxsr sse sse2 ss ht tm pbe syscall nx rdtscp lm constant_tsc arch_perfmon pebs bts rep_good nopl xtopology nonstop_tsc aperfmperf eagerfpu pni pclmulqdq dtes64 monitor ds_cpl vmx est tm2 ssse3 cx16 xtpr pdcm pcid sse4_1 sse4_2 x2apic popcnt tsc_deadline_timer aes xsave avx f16c rdrand lahf_lm ida arat epb xsaveopt pln pts dtherm tpr_shadow vnmi flexpriority ept vpid fsgsbase smep erms
bogomips	: 4589.61
clflush size	: 64
cache_alignment	: 64
address sizes	: 36 bits physical, 48 bits virtual
power management:



Memory: 4k page, physical 8059520k(130664k free), swap 0k(0k free)

vm_info: Java HotSpot(TM) 64-Bit Server VM (25.60-b23) for linux-amd64 JRE (1.8.0_60-b27), built on Aug  4 2015 12:19:40 by "java_re" with gcc 4.3.0 20080428 (Red Hat 4.3.0-8)

time: Tue Sep  8 15:09:43 2015
elapsed time: 177 seconds (0d 0h 2m 57s)

